2017-09-23 20:14:57 Notice: Notice (8): Undefined index: Job in [/home/shivak/public_html/jobsboard/app/Controller/JobsController.php, line 28]
Trace:
JobsController::search() - APP/Controller/JobsController.php, line 28
ReflectionMethod::invokeArgs() - [internal], line ??
Controller::invokeAction() - CORE/Cake/Controller/Controller.php, line 490
Dispatcher::_invoke() - CORE/Cake/Routing/Dispatcher.php, line 193
Dispatcher::dispatch() - CORE/Cake/Routing/Dispatcher.php, line 167
[main] - APP/webroot/index.php, line 117

2017-09-23 20:14:57 Notice: Notice (8): Undefined index: Job in [/home/shivak/public_html/jobsboard/app/Controller/JobsController.php, line 29]
Trace:
JobsController::search() - APP/Controller/JobsController.php, line 29
ReflectionMethod::invokeArgs() - [internal], line ??
Controller::invokeAction() - CORE/Cake/Controller/Controller.php, line 490
Dispatcher::_invoke() - CORE/Cake/Routing/Dispatcher.php, line 193
Dispatcher::dispatch() - CORE/Cake/Routing/Dispatcher.php, line 167
[main] - APP/webroot/index.php, line 117

2017-09-23 20:24:17 Notice: Notice (8): Undefined index: Job in [/home/shivak/public_html/jobsboard/app/Controller/JobsController.php, line 28]
Trace:
JobsController::search() - APP/Controller/JobsController.php, line 28
ReflectionMethod::invokeArgs() - [internal], line ??
Controller::invokeAction() - CORE/Cake/Controller/Controller.php, line 490
Dispatcher::_invoke() - CORE/Cake/Routing/Dispatcher.php, line 193
Dispatcher::dispatch() - CORE/Cake/Routing/Dispatcher.php, line 167
[main] - APP/webroot/index.php, line 117

2017-09-23 20:24:17 Notice: Notice (8): Undefined index: Job in [/home/shivak/public_html/jobsboard/app/Controller/JobsController.php, line 29]
Trace:
JobsController::search() - APP/Controller/JobsController.php, line 29
ReflectionMethod::invokeArgs() - [internal], line ??
Controller::invokeAction() - CORE/Cake/Controller/Controller.php, line 490
Dispatcher::_invoke() - CORE/Cake/Routing/Dispatcher.php, line 193
Dispatcher::dispatch() - CORE/Cake/Routing/Dispatcher.php, line 167
[main] - APP/webroot/index.php, line 117

2017-09-23 20:25:39 Notice: Notice (8): Undefined index: Job in [/home/shivak/public_html/jobsboard/app/Controller/JobsController.php, line 28]
Trace:
JobsController::search() - APP/Controller/JobsController.php, line 28
ReflectionMethod::invokeArgs() - [internal], line ??
Controller::invokeAction() - CORE/Cake/Controller/Controller.php, line 490
Dispatcher::_invoke() - CORE/Cake/Routing/Dispatcher.php, line 193
Dispatcher::dispatch() - CORE/Cake/Routing/Dispatcher.php, line 167
[main] - APP/webroot/index.php, line 117

2017-09-23 20:25:39 Notice: Notice (8): Undefined index: Job in [/home/shivak/public_html/jobsboard/app/Controller/JobsController.php, line 29]
Trace:
JobsController::search() - APP/Controller/JobsController.php, line 29
ReflectionMethod::invokeArgs() - [internal], line ??
Controller::invokeAction() - CORE/Cake/Controller/Controller.php, line 490
Dispatcher::_invoke() - CORE/Cake/Routing/Dispatcher.php, line 193
Dispatcher::dispatch() - CORE/Cake/Routing/Dispatcher.php, line 167
[main] - APP/webroot/index.php, line 117

2017-09-26 11:41:17 Notice: Notice (1024): Element Not Found: Elements/default.ctp in [/home/shivak/public_html/jobsboard/lib/Cake/View/View.php, line 425]
Trace:
View::element() - CORE/Cake/View/View.php, line 425
FlashHelper::render() - CORE/Cake/View/Helper/FlashHelper.php, line 89
include - APP/View/Layouts/admin_dashboard_layout.ctp, line 61
View::_evaluate() - CORE/Cake/View/View.php, line 971
View::_render() - CORE/Cake/View/View.php, line 933
View::renderLayout() - CORE/Cake/View/View.php, line 546
View::render() - CORE/Cake/View/View.php, line 481
Controller::render() - CORE/Cake/Controller/Controller.php, line 960
Dispatcher::_invoke() - CORE/Cake/Routing/Dispatcher.php, line 200
Dispatcher::dispatch() - CORE/Cake/Routing/Dispatcher.php, line 167
[main] - APP/webroot/index.php, line 117

2017-09-26 11:57:52 Notice: Notice (8): Undefined index: Media in [/home/shivak/public_html/jobsboard/app/View/Medias/single.ctp, line 5]
Trace:
include - APP/View/Medias/single.ctp, line 5
View::_evaluate() - CORE/Cake/View/View.php, line 971
View::_render() - CORE/Cake/View/View.php, line 933
View::render() - CORE/Cake/View/View.php, line 473
Controller::render() - CORE/Cake/Controller/Controller.php, line 960
Dispatcher::_invoke() - CORE/Cake/Routing/Dispatcher.php, line 200
Dispatcher::dispatch() - CORE/Cake/Routing/Dispatcher.php, line 167
[main] - APP/webroot/index.php, line 117

2017-09-26 11:57:52 Notice: Notice (8): Undefined index: Media in [/home/shivak/public_html/jobsboard/app/View/Medias/single.ctp, line 8]
Trace:
include - APP/View/Medias/single.ctp, line 8
View::_evaluate() - CORE/Cake/View/View.php, line 971
View::_render() - CORE/Cake/View/View.php, line 933
View::render() - CORE/Cake/View/View.php, line 473
Controller::render() - CORE/Cake/Controller/Controller.php, line 960
Dispatcher::_invoke() - CORE/Cake/Routing/Dispatcher.php, line 200
Dispatcher::dispatch() - CORE/Cake/Routing/Dispatcher.php, line 167
[main] - APP/webroot/index.php, line 117

2017-09-26 11:57:52 Notice: Notice (8): Undefined index: Media in [/home/shivak/public_html/jobsboard/app/View/Medias/single.ctp, line 22]
Trace:
include - APP/View/Medias/single.ctp, line 22
View::_evaluate() - CORE/Cake/View/View.php, line 971
View::_render() - CORE/Cake/View/View.php, line 933
View::render() - CORE/Cake/View/View.php, line 473
Controller::render() - CORE/Cake/Controller/Controller.php, line 960
Dispatcher::_invoke() - CORE/Cake/Routing/Dispatcher.php, line 200
Dispatcher::dispatch() - CORE/Cake/Routing/Dispatcher.php, line 167
[main] - APP/webroot/index.php, line 117

2017-09-26 11:57:52 Notice: Notice (8): Undefined index: Media in [/home/shivak/public_html/jobsboard/app/View/Medias/single.ctp, line 47]
Trace:
include - APP/View/Medias/single.ctp, line 47
View::_evaluate() - CORE/Cake/View/View.php, line 971
View::_render() - CORE/Cake/View/View.php, line 933
View::render() - CORE/Cake/View/View.php, line 473
Controller::render() - CORE/Cake/Controller/Controller.php, line 960
Dispatcher::_invoke() - CORE/Cake/Routing/Dispatcher.php, line 200
Dispatcher::dispatch() - CORE/Cake/Routing/Dispatcher.php, line 167
[main] - APP/webroot/index.php, line 117

2017-09-26 11:57:52 Notice: Notice (8): Undefined index: Media in [/home/shivak/public_html/jobsboard/app/View/Medias/single.ctp, line 49]
Trace:
include - APP/View/Medias/single.ctp, line 49
View::_evaluate() - CORE/Cake/View/View.php, line 971
View::_render() - CORE/Cake/View/View.php, line 933
View::render() - CORE/Cake/View/View.php, line 473
Controller::render() - CORE/Cake/Controller/Controller.php, line 960
Dispatcher::_invoke() - CORE/Cake/Routing/Dispatcher.php, line 200
Dispatcher::dispatch() - CORE/Cake/Routing/Dispatcher.php, line 167
[main] - APP/webroot/index.php, line 117

2017-09-26 11:57:53 Notice: Notice (8): Undefined index: Media in [/home/shivak/public_html/jobsboard/app/View/Medias/single.ctp, line 5]
Trace:
include - APP/View/Medias/single.ctp, line 5
View::_evaluate() - CORE/Cake/View/View.php, line 971
View::_render() - CORE/Cake/View/View.php, line 933
View::render() - CORE/Cake/View/View.php, line 473
Controller::render() - CORE/Cake/Controller/Controller.php, line 960
Dispatcher::_invoke() - CORE/Cake/Routing/Dispatcher.php, line 200
Dispatcher::dispatch() - CORE/Cake/Routing/Dispatcher.php, line 167
[main] - APP/webroot/index.php, line 117

2017-09-26 11:57:53 Notice: Notice (8): Undefined index: Media in [/home/shivak/public_html/jobsboard/app/View/Medias/single.ctp, line 8]
Trace:
include - APP/View/Medias/single.ctp, line 8
View::_evaluate() - CORE/Cake/View/View.php, line 971
View::_render() - CORE/Cake/View/View.php, line 933
View::render() - CORE/Cake/View/View.php, line 473
Controller::render() - CORE/Cake/Controller/Controller.php, line 960
Dispatcher::_invoke() - CORE/Cake/Routing/Dispatcher.php, line 200
Dispatcher::dispatch() - CORE/Cake/Routing/Dispatcher.php, line 167
[main] - APP/webroot/index.php, line 117

2017-09-26 11:57:53 Notice: Notice (8): Undefined index: Media in [/home/shivak/public_html/jobsboard/app/View/Medias/single.ctp, line 22]
Trace:
include - APP/View/Medias/single.ctp, line 22
View::_evaluate() - CORE/Cake/View/View.php, line 971
View::_render() - CORE/Cake/View/View.php, line 933
View::render() - CORE/Cake/View/View.php, line 473
Controller::render() - CORE/Cake/Controller/Controller.php, line 960
Dispatcher::_invoke() - CORE/Cake/Routing/Dispatcher.php, line 200
Dispatcher::dispatch() - CORE/Cake/Routing/Dispatcher.php, line 167
[main] - APP/webroot/index.php, line 117

2017-09-26 11:57:53 Notice: Notice (8): Undefined index: Media in [/home/shivak/public_html/jobsboard/app/View/Medias/single.ctp, line 47]
Trace:
include - APP/View/Medias/single.ctp, line 47
View::_evaluate() - CORE/Cake/View/View.php, line 971
View::_render() - CORE/Cake/View/View.php, line 933
View::render() - CORE/Cake/View/View.php, line 473
Controller::render() - CORE/Cake/Controller/Controller.php, line 960
Dispatcher::_invoke() - CORE/Cake/Routing/Dispatcher.php, line 200
Dispatcher::dispatch() - CORE/Cake/Routing/Dispatcher.php, line 167
[main] - APP/webroot/index.php, line 117

2017-09-26 11:57:53 Notice: Notice (8): Undefined index: Media in [/home/shivak/public_html/jobsboard/app/View/Medias/single.ctp, line 49]
Trace:
include - APP/View/Medias/single.ctp, line 49
View::_evaluate() - CORE/Cake/View/View.php, line 971
View::_render() - CORE/Cake/View/View.php, line 933
View::render() - CORE/Cake/View/View.php, line 473
Controller::render() - CORE/Cake/Controller/Controller.php, line 960
Dispatcher::_invoke() - CORE/Cake/Routing/Dispatcher.php, line 200
Dispatcher::dispatch() - CORE/Cake/Routing/Dispatcher.php, line 167
[main] - APP/webroot/index.php, line 117

2017-09-26 11:59:17 Notice: Notice (8): Undefined index: Media in [/home/shivak/public_html/jobsboard/app/View/Medias/single.ctp, line 5]
Trace:
include - APP/View/Medias/single.ctp, line 5
View::_evaluate() - CORE/Cake/View/View.php, line 971
View::_render() - CORE/Cake/View/View.php, line 933
View::render() - CORE/Cake/View/View.php, line 473
Controller::render() - CORE/Cake/Controller/Controller.php, line 960
Dispatcher::_invoke() - CORE/Cake/Routing/Dispatcher.php, line 200
Dispatcher::dispatch() - CORE/Cake/Routing/Dispatcher.php, line 167
[main] - APP/webroot/index.php, line 117

2017-09-26 11:59:17 Notice: Notice (8): Undefined index: Media in [/home/shivak/public_html/jobsboard/app/View/Medias/single.ctp, line 8]
Trace:
include - APP/View/Medias/single.ctp, line 8
View::_evaluate() - CORE/Cake/View/View.php, line 971
View::_render() - CORE/Cake/View/View.php, line 933
View::render() - CORE/Cake/View/View.php, line 473
Controller::render() - CORE/Cake/Controller/Controller.php, line 960
Dispatcher::_invoke() - CORE/Cake/Routing/Dispatcher.php, line 200
Dispatcher::dispatch() - CORE/Cake/Routing/Dispatcher.php, line 167
[main] - APP/webroot/index.php, line 117

2017-09-26 11:59:17 Notice: Notice (8): Undefined index: Media in [/home/shivak/public_html/jobsboard/app/View/Medias/single.ctp, line 22]
Trace:
include - APP/View/Medias/single.ctp, line 22
View::_evaluate() - CORE/Cake/View/View.php, line 971
View::_render() - CORE/Cake/View/View.php, line 933
View::render() - CORE/Cake/View/View.php, line 473
Controller::render() - CORE/Cake/Controller/Controller.php, line 960
Dispatcher::_invoke() - CORE/Cake/Routing/Dispatcher.php, line 200
Dispatcher::dispatch() - CORE/Cake/Routing/Dispatcher.php, line 167
[main] - APP/webroot/index.php, line 117

2017-09-26 11:59:17 Notice: Notice (8): Undefined index: Media in [/home/shivak/public_html/jobsboard/app/View/Medias/single.ctp, line 47]
Trace:
include - APP/View/Medias/single.ctp, line 47
View::_evaluate() - CORE/Cake/View/View.php, line 971
View::_render() - CORE/Cake/View/View.php, line 933
View::render() - CORE/Cake/View/View.php, line 473
Controller::render() - CORE/Cake/Controller/Controller.php, line 960
Dispatcher::_invoke() - CORE/Cake/Routing/Dispatcher.php, line 200
Dispatcher::dispatch() - CORE/Cake/Routing/Dispatcher.php, line 167
[main] - APP/webroot/index.php, line 117

2017-09-26 11:59:17 Notice: Notice (8): Undefined index: Media in [/home/shivak/public_html/jobsboard/app/View/Medias/single.ctp, line 49]
Trace:
include - APP/View/Medias/single.ctp, line 49
View::_evaluate() - CORE/Cake/View/View.php, line 971
View::_render() - CORE/Cake/View/View.php, line 933
View::render() - CORE/Cake/View/View.php, line 473
Controller::render() - CORE/Cake/Controller/Controller.php, line 960
Dispatcher::_invoke() - CORE/Cake/Routing/Dispatcher.php, line 200
Dispatcher::dispatch() - CORE/Cake/Routing/Dispatcher.php, line 167
[main] - APP/webroot/index.php, line 117

2017-09-26 11:59:18 Notice: Notice (8): Undefined index: Media in [/home/shivak/public_html/jobsboard/app/View/Medias/single.ctp, line 5]
Trace:
include - APP/View/Medias/single.ctp, line 5
View::_evaluate() - CORE/Cake/View/View.php, line 971
View::_render() - CORE/Cake/View/View.php, line 933
View::render() - CORE/Cake/View/View.php, line 473
Controller::render() - CORE/Cake/Controller/Controller.php, line 960
Dispatcher::_invoke() - CORE/Cake/Routing/Dispatcher.php, line 200
Dispatcher::dispatch() - CORE/Cake/Routing/Dispatcher.php, line 167
[main] - APP/webroot/index.php, line 117

2017-09-26 11:59:18 Notice: Notice (8): Undefined index: Media in [/home/shivak/public_html/jobsboard/app/View/Medias/single.ctp, line 8]
Trace:
include - APP/View/Medias/single.ctp, line 8
View::_evaluate() - CORE/Cake/View/View.php, line 971
View::_render() - CORE/Cake/View/View.php, line 933
View::render() - CORE/Cake/View/View.php, line 473
Controller::render() - CORE/Cake/Controller/Controller.php, line 960
Dispatcher::_invoke() - CORE/Cake/Routing/Dispatcher.php, line 200
Dispatcher::dispatch() - CORE/Cake/Routing/Dispatcher.php, line 167
[main] - APP/webroot/index.php, line 117

2017-09-26 11:59:18 Notice: Notice (8): Undefined index: Media in [/home/shivak/public_html/jobsboard/app/View/Medias/single.ctp, line 22]
Trace:
include - APP/View/Medias/single.ctp, line 22
View::_evaluate() - CORE/Cake/View/View.php, line 971
View::_render() - CORE/Cake/View/View.php, line 933
View::render() - CORE/Cake/View/View.php, line 473
Controller::render() - CORE/Cake/Controller/Controller.php, line 960
Dispatcher::_invoke() - CORE/Cake/Routing/Dispatcher.php, line 200
Dispatcher::dispatch() - CORE/Cake/Routing/Dispatcher.php, line 167
[main] - APP/webroot/index.php, line 117

2017-09-26 11:59:18 Notice: Notice (8): Undefined index: Media in [/home/shivak/public_html/jobsboard/app/View/Medias/single.ctp, line 47]
Trace:
include - APP/View/Medias/single.ctp, line 47
View::_evaluate() - CORE/Cake/View/View.php, line 971
View::_render() - CORE/Cake/View/View.php, line 933
View::render() - CORE/Cake/View/View.php, line 473
Controller::render() - CORE/Cake/Controller/Controller.php, line 960
Dispatcher::_invoke() - CORE/Cake/Routing/Dispatcher.php, line 200
Dispatcher::dispatch() - CORE/Cake/Routing/Dispatcher.php, line 167
[main] - APP/webroot/index.php, line 117

2017-09-26 11:59:18 Notice: Notice (8): Undefined index: Media in [/home/shivak/public_html/jobsboard/app/View/Medias/single.ctp, line 49]
Trace:
include - APP/View/Medias/single.ctp, line 49
View::_evaluate() - CORE/Cake/View/View.php, line 971
View::_render() - CORE/Cake/View/View.php, line 933
View::render() - CORE/Cake/View/View.php, line 473
Controller::render() - CORE/Cake/Controller/Controller.php, line 960
Dispatcher::_invoke() - CORE/Cake/Routing/Dispatcher.php, line 200
Dispatcher::dispatch() - CORE/Cake/Routing/Dispatcher.php, line 167
[main] - APP/webroot/index.php, line 117

2017-09-26 11:59:21 Notice: Notice (8): Undefined index: Media in [/home/shivak/public_html/jobsboard/app/View/Medias/single.ctp, line 5]
Trace:
include - APP/View/Medias/single.ctp, line 5
View::_evaluate() - CORE/Cake/View/View.php, line 971
View::_render() - CORE/Cake/View/View.php, line 933
View::render() - CORE/Cake/View/View.php, line 473
Controller::render() - CORE/Cake/Controller/Controller.php, line 960
Dispatcher::_invoke() - CORE/Cake/Routing/Dispatcher.php, line 200
Dispatcher::dispatch() - CORE/Cake/Routing/Dispatcher.php, line 167
[main] - APP/webroot/index.php, line 117

2017-09-26 11:59:21 Notice: Notice (8): Undefined index: Media in [/home/shivak/public_html/jobsboard/app/View/Medias/single.ctp, line 8]
Trace:
include - APP/View/Medias/single.ctp, line 8
View::_evaluate() - CORE/Cake/View/View.php, line 971
View::_render() - CORE/Cake/View/View.php, line 933
View::render() - CORE/Cake/View/View.php, line 473
Controller::render() - CORE/Cake/Controller/Controller.php, line 960
Dispatcher::_invoke() - CORE/Cake/Routing/Dispatcher.php, line 200
Dispatcher::dispatch() - CORE/Cake/Routing/Dispatcher.php, line 167
[main] - APP/webroot/index.php, line 117

2017-09-26 11:59:21 Notice: Notice (8): Undefined index: Media in [/home/shivak/public_html/jobsboard/app/View/Medias/single.ctp, line 22]
Trace:
include - APP/View/Medias/single.ctp, line 22
View::_evaluate() - CORE/Cake/View/View.php, line 971
View::_render() - CORE/Cake/View/View.php, line 933
View::render() - CORE/Cake/View/View.php, line 473
Controller::render() - CORE/Cake/Controller/Controller.php, line 960
Dispatcher::_invoke() - CORE/Cake/Routing/Dispatcher.php, line 200
Dispatcher::dispatch() - CORE/Cake/Routing/Dispatcher.php, line 167
[main] - APP/webroot/index.php, line 117

2017-09-26 11:59:21 Notice: Notice (8): Undefined index: Media in [/home/shivak/public_html/jobsboard/app/View/Medias/single.ctp, line 47]
Trace:
include - APP/View/Medias/single.ctp, line 47
View::_evaluate() - CORE/Cake/View/View.php, line 971
View::_render() - CORE/Cake/View/View.php, line 933
View::render() - CORE/Cake/View/View.php, line 473
Controller::render() - CORE/Cake/Controller/Controller.php, line 960
Dispatcher::_invoke() - CORE/Cake/Routing/Dispatcher.php, line 200
Dispatcher::dispatch() - CORE/Cake/Routing/Dispatcher.php, line 167
[main] - APP/webroot/index.php, line 117

2017-09-26 11:59:21 Notice: Notice (8): Undefined index: Media in [/home/shivak/public_html/jobsboard/app/View/Medias/single.ctp, line 49]
Trace:
include - APP/View/Medias/single.ctp, line 49
View::_evaluate() - CORE/Cake/View/View.php, line 971
View::_render() - CORE/Cake/View/View.php, line 933
View::render() - CORE/Cake/View/View.php, line 473
Controller::render() - CORE/Cake/Controller/Controller.php, line 960
Dispatcher::_invoke() - CORE/Cake/Routing/Dispatcher.php, line 200
Dispatcher::dispatch() - CORE/Cake/Routing/Dispatcher.php, line 167
[main] - APP/webroot/index.php, line 117

2017-09-26 11:59:22 Notice: Notice (8): Undefined index: Media in [/home/shivak/public_html/jobsboard/app/View/Medias/single.ctp, line 5]
Trace:
include - APP/View/Medias/single.ctp, line 5
View::_evaluate() - CORE/Cake/View/View.php, line 971
View::_render() - CORE/Cake/View/View.php, line 933
View::render() - CORE/Cake/View/View.php, line 473
Controller::render() - CORE/Cake/Controller/Controller.php, line 960
Dispatcher::_invoke() - CORE/Cake/Routing/Dispatcher.php, line 200
Dispatcher::dispatch() - CORE/Cake/Routing/Dispatcher.php, line 167
[main] - APP/webroot/index.php, line 117

2017-09-26 11:59:22 Notice: Notice (8): Undefined index: Media in [/home/shivak/public_html/jobsboard/app/View/Medias/single.ctp, line 8]
Trace:
include - APP/View/Medias/single.ctp, line 8
View::_evaluate() - CORE/Cake/View/View.php, line 971
View::_render() - CORE/Cake/View/View.php, line 933
View::render() - CORE/Cake/View/View.php, line 473
Controller::render() - CORE/Cake/Controller/Controller.php, line 960
Dispatcher::_invoke() - CORE/Cake/Routing/Dispatcher.php, line 200
Dispatcher::dispatch() - CORE/Cake/Routing/Dispatcher.php, line 167
[main] - APP/webroot/index.php, line 117

2017-09-26 11:59:22 Notice: Notice (8): Undefined index: Media in [/home/shivak/public_html/jobsboard/app/View/Medias/single.ctp, line 22]
Trace:
include - APP/View/Medias/single.ctp, line 22
View::_evaluate() - CORE/Cake/View/View.php, line 971
View::_render() - CORE/Cake/View/View.php, line 933
View::render() - CORE/Cake/View/View.php, line 473
Controller::render() - CORE/Cake/Controller/Controller.php, line 960
Dispatcher::_invoke() - CORE/Cake/Routing/Dispatcher.php, line 200
Dispatcher::dispatch() - CORE/Cake/Routing/Dispatcher.php, line 167
[main] - APP/webroot/index.php, line 117

2017-09-26 11:59:22 Notice: Notice (8): Undefined index: Media in [/home/shivak/public_html/jobsboard/app/View/Medias/single.ctp, line 47]
Trace:
include - APP/View/Medias/single.ctp, line 47
View::_evaluate() - CORE/Cake/View/View.php, line 971
View::_render() - CORE/Cake/View/View.php, line 933
View::render() - CORE/Cake/View/View.php, line 473
Controller::render() - CORE/Cake/Controller/Controller.php, line 960
Dispatcher::_invoke() - CORE/Cake/Routing/Dispatcher.php, line 200
Dispatcher::dispatch() - CORE/Cake/Routing/Dispatcher.php, line 167
[main] - APP/webroot/index.php, line 117

2017-09-26 11:59:22 Notice: Notice (8): Undefined index: Media in [/home/shivak/public_html/jobsboard/app/View/Medias/single.ctp, line 49]
Trace:
include - APP/View/Medias/single.ctp, line 49
View::_evaluate() - CORE/Cake/View/View.php, line 971
View::_render() - CORE/Cake/View/View.php, line 933
View::render() - CORE/Cake/View/View.php, line 473
Controller::render() - CORE/Cake/Controller/Controller.php, line 960
Dispatcher::_invoke() - CORE/Cake/Routing/Dispatcher.php, line 200
Dispatcher::dispatch() - CORE/Cake/Routing/Dispatcher.php, line 167
[main] - APP/webroot/index.php, line 117

2017-09-26 11:59:23 Notice: Notice (8): Undefined index: Media in [/home/shivak/public_html/jobsboard/app/View/Medias/single.ctp, line 5]
Trace:
include - APP/View/Medias/single.ctp, line 5
View::_evaluate() - CORE/Cake/View/View.php, line 971
View::_render() - CORE/Cake/View/View.php, line 933
View::render() - CORE/Cake/View/View.php, line 473
Controller::render() - CORE/Cake/Controller/Controller.php, line 960
Dispatcher::_invoke() - CORE/Cake/Routing/Dispatcher.php, line 200
Dispatcher::dispatch() - CORE/Cake/Routing/Dispatcher.php, line 167
[main] - APP/webroot/index.php, line 117

2017-09-26 11:59:23 Notice: Notice (8): Undefined index: Media in [/home/shivak/public_html/jobsboard/app/View/Medias/single.ctp, line 8]
Trace:
include - APP/View/Medias/single.ctp, line 8
View::_evaluate() - CORE/Cake/View/View.php, line 971
View::_render() - CORE/Cake/View/View.php, line 933
View::render() - CORE/Cake/View/View.php, line 473
Controller::render() - CORE/Cake/Controller/Controller.php, line 960
Dispatcher::_invoke() - CORE/Cake/Routing/Dispatcher.php, line 200
Dispatcher::dispatch() - CORE/Cake/Routing/Dispatcher.php, line 167
[main] - APP/webroot/index.php, line 117

2017-09-26 11:59:23 Notice: Notice (8): Undefined index: Media in [/home/shivak/public_html/jobsboard/app/View/Medias/single.ctp, line 22]
Trace:
include - APP/View/Medias/single.ctp, line 22
View::_evaluate() - CORE/Cake/View/View.php, line 971
View::_render() - CORE/Cake/View/View.php, line 933
View::render() - CORE/Cake/View/View.php, line 473
Controller::render() - CORE/Cake/Controller/Controller.php, line 960
Dispatcher::_invoke() - CORE/Cake/Routing/Dispatcher.php, line 200
Dispatcher::dispatch() - CORE/Cake/Routing/Dispatcher.php, line 167
[main] - APP/webroot/index.php, line 117

2017-09-26 11:59:23 Notice: Notice (8): Undefined index: Media in [/home/shivak/public_html/jobsboard/app/View/Medias/single.ctp, line 47]
Trace:
include - APP/View/Medias/single.ctp, line 47
View::_evaluate() - CORE/Cake/View/View.php, line 971
View::_render() - CORE/Cake/View/View.php, line 933
View::render() - CORE/Cake/View/View.php, line 473
Controller::render() - CORE/Cake/Controller/Controller.php, line 960
Dispatcher::_invoke() - CORE/Cake/Routing/Dispatcher.php, line 200
Dispatcher::dispatch() - CORE/Cake/Routing/Dispatcher.php, line 167
[main] - APP/webroot/index.php, line 117

2017-09-26 11:59:23 Notice: Notice (8): Undefined index: Media in [/home/shivak/public_html/jobsboard/app/View/Medias/single.ctp, line 49]
Trace:
include - APP/View/Medias/single.ctp, line 49
View::_evaluate() - CORE/Cake/View/View.php, line 971
View::_render() - CORE/Cake/View/View.php, line 933
View::render() - CORE/Cake/View/View.php, line 473
Controller::render() - CORE/Cake/Controller/Controller.php, line 960
Dispatcher::_invoke() - CORE/Cake/Routing/Dispatcher.php, line 200
Dispatcher::dispatch() - CORE/Cake/Routing/Dispatcher.php, line 167
[main] - APP/webroot/index.php, line 117

2017-09-26 11:59:24 Notice: Notice (8): Undefined index: Media in [/home/shivak/public_html/jobsboard/app/View/Medias/single.ctp, line 5]
Trace:
include - APP/View/Medias/single.ctp, line 5
View::_evaluate() - CORE/Cake/View/View.php, line 971
View::_render() - CORE/Cake/View/View.php, line 933
View::render() - CORE/Cake/View/View.php, line 473
Controller::render() - CORE/Cake/Controller/Controller.php, line 960
Dispatcher::_invoke() - CORE/Cake/Routing/Dispatcher.php, line 200
Dispatcher::dispatch() - CORE/Cake/Routing/Dispatcher.php, line 167
[main] - APP/webroot/index.php, line 117

2017-09-26 11:59:24 Notice: Notice (8): Undefined index: Media in [/home/shivak/public_html/jobsboard/app/View/Medias/single.ctp, line 8]
Trace:
include - APP/View/Medias/single.ctp, line 8
View::_evaluate() - CORE/Cake/View/View.php, line 971
View::_render() - CORE/Cake/View/View.php, line 933
View::render() - CORE/Cake/View/View.php, line 473
Controller::render() - CORE/Cake/Controller/Controller.php, line 960
Dispatcher::_invoke() - CORE/Cake/Routing/Dispatcher.php, line 200
Dispatcher::dispatch() - CORE/Cake/Routing/Dispatcher.php, line 167
[main] - APP/webroot/index.php, line 117

2017-09-26 11:59:24 Notice: Notice (8): Undefined index: Media in [/home/shivak/public_html/jobsboard/app/View/Medias/single.ctp, line 22]
Trace:
include - APP/View/Medias/single.ctp, line 22
View::_evaluate() - CORE/Cake/View/View.php, line 971
View::_render() - CORE/Cake/View/View.php, line 933
View::render() - CORE/Cake/View/View.php, line 473
Controller::render() - CORE/Cake/Controller/Controller.php, line 960
Dispatcher::_invoke() - CORE/Cake/Routing/Dispatcher.php, line 200
Dispatcher::dispatch() - CORE/Cake/Routing/Dispatcher.php, line 167
[main] - APP/webroot/index.php, line 117

2017-09-26 11:59:24 Notice: Notice (8): Undefined index: Media in [/home/shivak/public_html/jobsboard/app/View/Medias/single.ctp, line 47]
Trace:
include - APP/View/Medias/single.ctp, line 47
View::_evaluate() - CORE/Cake/View/View.php, line 971
View::_render() - CORE/Cake/View/View.php, line 933
View::render() - CORE/Cake/View/View.php, line 473
Controller::render() - CORE/Cake/Controller/Controller.php, line 960
Dispatcher::_invoke() - CORE/Cake/Routing/Dispatcher.php, line 200
Dispatcher::dispatch() - CORE/Cake/Routing/Dispatcher.php, line 167
[main] - APP/webroot/index.php, line 117

2017-09-26 11:59:24 Notice: Notice (8): Undefined index: Media in [/home/shivak/public_html/jobsboard/app/View/Medias/single.ctp, line 49]
Trace:
include - APP/View/Medias/single.ctp, line 49
View::_evaluate() - CORE/Cake/View/View.php, line 971
View::_render() - CORE/Cake/View/View.php, line 933
View::render() - CORE/Cake/View/View.php, line 473
Controller::render() - CORE/Cake/Controller/Controller.php, line 960
Dispatcher::_invoke() - CORE/Cake/Routing/Dispatcher.php, line 200
Dispatcher::dispatch() - CORE/Cake/Routing/Dispatcher.php, line 167
[main] - APP/webroot/index.php, line 117

2017-09-26 12:28:51 Notice: Notice (8): Undefined index: Admin in [/home/shivak/public_html/jobsboard/app/Plugin/Admin/Controller/AdminsController.php, line 151]
Trace:
AdminsController::login() - APP/Plugin/Admin/Controller/AdminsController.php, line 151
ReflectionMethod::invokeArgs() - [internal], line ??
Controller::invokeAction() - CORE/Cake/Controller/Controller.php, line 490
Dispatcher::_invoke() - CORE/Cake/Routing/Dispatcher.php, line 193
Dispatcher::dispatch() - CORE/Cake/Routing/Dispatcher.php, line 167
[main] - APP/webroot/index.php, line 117

2017-09-26 12:28:51 Notice: Notice (8): Undefined index: Admin in [/home/shivak/public_html/jobsboard/app/Plugin/Admin/Controller/AdminsController.php, line 155]
Trace:
AdminsController::login() - APP/Plugin/Admin/Controller/AdminsController.php, line 155
ReflectionMethod::invokeArgs() - [internal], line ??
Controller::invokeAction() - CORE/Cake/Controller/Controller.php, line 490
Dispatcher::_invoke() - CORE/Cake/Routing/Dispatcher.php, line 193
Dispatcher::dispatch() - CORE/Cake/Routing/Dispatcher.php, line 167
[main] - APP/webroot/index.php, line 117

2017-09-26 12:28:51 Notice: Notice (8): Undefined index: Admin in [/home/shivak/public_html/jobsboard/app/Plugin/Admin/Controller/AdminsController.php, line 156]
Trace:
AdminsController::login() - APP/Plugin/Admin/Controller/AdminsController.php, line 156
ReflectionMethod::invokeArgs() - [internal], line ??
Controller::invokeAction() - CORE/Cake/Controller/Controller.php, line 490
Dispatcher::_invoke() - CORE/Cake/Routing/Dispatcher.php, line 193
Dispatcher::dispatch() - CORE/Cake/Routing/Dispatcher.php, line 167
[main] - APP/webroot/index.php, line 117

2017-09-26 12:28:51 Notice: Notice (8): Undefined index: RolePermission in [/home/shivak/public_html/jobsboard/app/Plugin/Admin/Controller/AdminsController.php, line 159]
Trace:
AdminsController::login() - APP/Plugin/Admin/Controller/AdminsController.php, line 159
ReflectionMethod::invokeArgs() - [internal], line ??
Controller::invokeAction() - CORE/Cake/Controller/Controller.php, line 490
Dispatcher::_invoke() - CORE/Cake/Routing/Dispatcher.php, line 193
Dispatcher::dispatch() - CORE/Cake/Routing/Dispatcher.php, line 167
[main] - APP/webroot/index.php, line 117

2017-09-26 12:28:51 Notice: Notice (8): Undefined index: Menu in [/home/shivak/public_html/jobsboard/app/Plugin/Admin/Controller/AdminsController.php, line 163]
Trace:
AdminsController::login() - APP/Plugin/Admin/Controller/AdminsController.php, line 163
ReflectionMethod::invokeArgs() - [internal], line ??
Controller::invokeAction() - CORE/Cake/Controller/Controller.php, line 490
Dispatcher::_invoke() - CORE/Cake/Routing/Dispatcher.php, line 193
Dispatcher::dispatch() - CORE/Cake/Routing/Dispatcher.php, line 167
[main] - APP/webroot/index.php, line 117

2017-09-26 12:31:08 Notice: Notice (1024): Element Not Found: Elements/default.ctp in [/home/shivak/public_html/jobsboard/lib/Cake/View/View.php, line 425]
Trace:
View::element() - CORE/Cake/View/View.php, line 425
FlashHelper::render() - CORE/Cake/View/Helper/FlashHelper.php, line 89
include - APP/View/Layouts/admin_dashboard_layout.ctp, line 61
View::_evaluate() - CORE/Cake/View/View.php, line 971
View::_render() - CORE/Cake/View/View.php, line 933
View::renderLayout() - CORE/Cake/View/View.php, line 546
View::render() - CORE/Cake/View/View.php, line 481
Controller::render() - CORE/Cake/Controller/Controller.php, line 960
Dispatcher::_invoke() - CORE/Cake/Routing/Dispatcher.php, line 200
Dispatcher::dispatch() - CORE/Cake/Routing/Dispatcher.php, line 167
[main] - APP/webroot/index.php, line 117

2017-09-26 12:39:34 Notice: Notice (8): Undefined index: Media in [/home/shivak/public_html/jobsboard/app/View/Medias/single.ctp, line 5]
Trace:
include - APP/View/Medias/single.ctp, line 5
View::_evaluate() - CORE/Cake/View/View.php, line 971
View::_render() - CORE/Cake/View/View.php, line 933
View::render() - CORE/Cake/View/View.php, line 473
Controller::render() - CORE/Cake/Controller/Controller.php, line 960
Dispatcher::_invoke() - CORE/Cake/Routing/Dispatcher.php, line 200
Dispatcher::dispatch() - CORE/Cake/Routing/Dispatcher.php, line 167
[main] - APP/webroot/index.php, line 117

2017-09-26 12:39:34 Notice: Notice (8): Undefined index: Media in [/home/shivak/public_html/jobsboard/app/View/Medias/single.ctp, line 8]
Trace:
include - APP/View/Medias/single.ctp, line 8
View::_evaluate() - CORE/Cake/View/View.php, line 971
View::_render() - CORE/Cake/View/View.php, line 933
View::render() - CORE/Cake/View/View.php, line 473
Controller::render() - CORE/Cake/Controller/Controller.php, line 960
Dispatcher::_invoke() - CORE/Cake/Routing/Dispatcher.php, line 200
Dispatcher::dispatch() - CORE/Cake/Routing/Dispatcher.php, line 167
[main] - APP/webroot/index.php, line 117

2017-09-26 12:39:34 Notice: Notice (8): Undefined index: Media in [/home/shivak/public_html/jobsboard/app/View/Medias/single.ctp, line 22]
Trace:
include - APP/View/Medias/single.ctp, line 22
View::_evaluate() - CORE/Cake/View/View.php, line 971
View::_render() - CORE/Cake/View/View.php, line 933
View::render() - CORE/Cake/View/View.php, line 473
Controller::render() - CORE/Cake/Controller/Controller.php, line 960
Dispatcher::_invoke() - CORE/Cake/Routing/Dispatcher.php, line 200
Dispatcher::dispatch() - CORE/Cake/Routing/Dispatcher.php, line 167
[main] - APP/webroot/index.php, line 117

2017-09-26 12:39:34 Notice: Notice (8): Undefined index: Media in [/home/shivak/public_html/jobsboard/app/View/Medias/single.ctp, line 47]
Trace:
include - APP/View/Medias/single.ctp, line 47
View::_evaluate() - CORE/Cake/View/View.php, line 971
View::_render() - CORE/Cake/View/View.php, line 933
View::render() - CORE/Cake/View/View.php, line 473
Controller::render() - CORE/Cake/Controller/Controller.php, line 960
Dispatcher::_invoke() - CORE/Cake/Routing/Dispatcher.php, line 200
Dispatcher::dispatch() - CORE/Cake/Routing/Dispatcher.php, line 167
[main] - APP/webroot/index.php, line 117

2017-09-26 12:39:34 Notice: Notice (8): Undefined index: Media in [/home/shivak/public_html/jobsboard/app/View/Medias/single.ctp, line 49]
Trace:
include - APP/View/Medias/single.ctp, line 49
View::_evaluate() - CORE/Cake/View/View.php, line 971
View::_render() - CORE/Cake/View/View.php, line 933
View::render() - CORE/Cake/View/View.php, line 473
Controller::render() - CORE/Cake/Controller/Controller.php, line 960
Dispatcher::_invoke() - CORE/Cake/Routing/Dispatcher.php, line 200
Dispatcher::dispatch() - CORE/Cake/Routing/Dispatcher.php, line 167
[main] - APP/webroot/index.php, line 117

2017-09-26 12:39:34 Notice: Notice (8): Undefined index: Media in [/home/shivak/public_html/jobsboard/app/View/Medias/single.ctp, line 5]
Trace:
include - APP/View/Medias/single.ctp, line 5
View::_evaluate() - CORE/Cake/View/View.php, line 971
View::_render() - CORE/Cake/View/View.php, line 933
View::render() - CORE/Cake/View/View.php, line 473
Controller::render() - CORE/Cake/Controller/Controller.php, line 960
Dispatcher::_invoke() - CORE/Cake/Routing/Dispatcher.php, line 200
Dispatcher::dispatch() - CORE/Cake/Routing/Dispatcher.php, line 167
[main] - APP/webroot/index.php, line 117

2017-09-26 12:39:34 Notice: Notice (8): Undefined index: Media in [/home/shivak/public_html/jobsboard/app/View/Medias/single.ctp, line 8]
Trace:
include - APP/View/Medias/single.ctp, line 8
View::_evaluate() - CORE/Cake/View/View.php, line 971
View::_render() - CORE/Cake/View/View.php, line 933
View::render() - CORE/Cake/View/View.php, line 473
Controller::render() - CORE/Cake/Controller/Controller.php, line 960
Dispatcher::_invoke() - CORE/Cake/Routing/Dispatcher.php, line 200
Dispatcher::dispatch() - CORE/Cake/Routing/Dispatcher.php, line 167
[main] - APP/webroot/index.php, line 117

2017-09-26 12:39:34 Notice: Notice (8): Undefined index: Media in [/home/shivak/public_html/jobsboard/app/View/Medias/single.ctp, line 22]
Trace:
include - APP/View/Medias/single.ctp, line 22
View::_evaluate() - CORE/Cake/View/View.php, line 971
View::_render() - CORE/Cake/View/View.php, line 933
View::render() - CORE/Cake/View/View.php, line 473
Controller::render() - CORE/Cake/Controller/Controller.php, line 960
Dispatcher::_invoke() - CORE/Cake/Routing/Dispatcher.php, line 200
Dispatcher::dispatch() - CORE/Cake/Routing/Dispatcher.php, line 167
[main] - APP/webroot/index.php, line 117

2017-09-26 12:39:34 Notice: Notice (8): Undefined index: Media in [/home/shivak/public_html/jobsboard/app/View/Medias/single.ctp, line 47]
Trace:
include - APP/View/Medias/single.ctp, line 47
View::_evaluate() - CORE/Cake/View/View.php, line 971
View::_render() - CORE/Cake/View/View.php, line 933
View::render() - CORE/Cake/View/View.php, line 473
Controller::render() - CORE/Cake/Controller/Controller.php, line 960
Dispatcher::_invoke() - CORE/Cake/Routing/Dispatcher.php, line 200
Dispatcher::dispatch() - CORE/Cake/Routing/Dispatcher.php, line 167
[main] - APP/webroot/index.php, line 117

2017-09-26 12:39:34 Notice: Notice (8): Undefined index: Media in [/home/shivak/public_html/jobsboard/app/View/Medias/single.ctp, line 49]
Trace:
include - APP/View/Medias/single.ctp, line 49
View::_evaluate() - CORE/Cake/View/View.php, line 971
View::_render() - CORE/Cake/View/View.php, line 933
View::render() - CORE/Cake/View/View.php, line 473
Controller::render() - CORE/Cake/Controller/Controller.php, line 960
Dispatcher::_invoke() - CORE/Cake/Routing/Dispatcher.php, line 200
Dispatcher::dispatch() - CORE/Cake/Routing/Dispatcher.php, line 167
[main] - APP/webroot/index.php, line 117

2017-09-26 14:24:27 Notice: Notice (8): Undefined index: Admin in [/home/shivak/public_html/jobsboard/app/Plugin/Admin/Controller/AdminsController.php, line 151]
Trace:
AdminsController::login() - APP/Plugin/Admin/Controller/AdminsController.php, line 151
ReflectionMethod::invokeArgs() - [internal], line ??
Controller::invokeAction() - CORE/Cake/Controller/Controller.php, line 490
Dispatcher::_invoke() - CORE/Cake/Routing/Dispatcher.php, line 193
Dispatcher::dispatch() - CORE/Cake/Routing/Dispatcher.php, line 167
[main] - APP/webroot/index.php, line 117

2017-09-26 14:24:27 Notice: Notice (8): Undefined index: Admin in [/home/shivak/public_html/jobsboard/app/Plugin/Admin/Controller/AdminsController.php, line 155]
Trace:
AdminsController::login() - APP/Plugin/Admin/Controller/AdminsController.php, line 155
ReflectionMethod::invokeArgs() - [internal], line ??
Controller::invokeAction() - CORE/Cake/Controller/Controller.php, line 490
Dispatcher::_invoke() - CORE/Cake/Routing/Dispatcher.php, line 193
Dispatcher::dispatch() - CORE/Cake/Routing/Dispatcher.php, line 167
[main] - APP/webroot/index.php, line 117

2017-09-26 14:24:27 Notice: Notice (8): Undefined index: Admin in [/home/shivak/public_html/jobsboard/app/Plugin/Admin/Controller/AdminsController.php, line 156]
Trace:
AdminsController::login() - APP/Plugin/Admin/Controller/AdminsController.php, line 156
ReflectionMethod::invokeArgs() - [internal], line ??
Controller::invokeAction() - CORE/Cake/Controller/Controller.php, line 490
Dispatcher::_invoke() - CORE/Cake/Routing/Dispatcher.php, line 193
Dispatcher::dispatch() - CORE/Cake/Routing/Dispatcher.php, line 167
[main] - APP/webroot/index.php, line 117

2017-09-26 14:24:27 Notice: Notice (8): Undefined index: RolePermission in [/home/shivak/public_html/jobsboard/app/Plugin/Admin/Controller/AdminsController.php, line 159]
Trace:
AdminsController::login() - APP/Plugin/Admin/Controller/AdminsController.php, line 159
ReflectionMethod::invokeArgs() - [internal], line ??
Controller::invokeAction() - CORE/Cake/Controller/Controller.php, line 490
Dispatcher::_invoke() - CORE/Cake/Routing/Dispatcher.php, line 193
Dispatcher::dispatch() - CORE/Cake/Routing/Dispatcher.php, line 167
[main] - APP/webroot/index.php, line 117

2017-09-26 14:24:27 Notice: Notice (8): Undefined index: Menu in [/home/shivak/public_html/jobsboard/app/Plugin/Admin/Controller/AdminsController.php, line 163]
Trace:
AdminsController::login() - APP/Plugin/Admin/Controller/AdminsController.php, line 163
ReflectionMethod::invokeArgs() - [internal], line ??
Controller::invokeAction() - CORE/Cake/Controller/Controller.php, line 490
Dispatcher::_invoke() - CORE/Cake/Routing/Dispatcher.php, line 193
Dispatcher::dispatch() - CORE/Cake/Routing/Dispatcher.php, line 167
[main] - APP/webroot/index.php, line 117

