2017-10-12 19:05:21 Error: [NotFoundException] Invalid Link
Request URL: /job_board/trunk/job_seekers/apply_job/8
Stack Trace:
#0 [internal function]: JobSeekersController->apply_job('8')
#1 D:\XAMPP\htdocs\job_board\trunk\lib\Cake\Controller\Controller.php(490): ReflectionMethod->invokeArgs(Object(JobSeekersController), Array)
#2 D:\XAMPP\htdocs\job_board\trunk\lib\Cake\Routing\Dispatcher.php(193): Controller->invokeAction(Object(CakeRequest))
#3 D:\XAMPP\htdocs\job_board\trunk\lib\Cake\Routing\Dispatcher.php(167): Dispatcher->_invoke(Object(JobSeekersController), Object(CakeRequest))
#4 D:\XAMPP\htdocs\job_board\trunk\app\webroot\index.php(118): Dispatcher->dispatch(Object(CakeRequest), Object(CakeResponse))
#5 {main}
2017-10-12 19:18:14 Error: [NotFoundException] Invalid Link
Request URL: /job_board/trunk/job_seekers/apply_job/8
Stack Trace:
#0 [internal function]: JobSeekersController->apply_job('8')
#1 D:\XAMPP\htdocs\job_board\trunk\lib\Cake\Controller\Controller.php(490): ReflectionMethod->invokeArgs(Object(JobSeekersController), Array)
#2 D:\XAMPP\htdocs\job_board\trunk\lib\Cake\Routing\Dispatcher.php(193): Controller->invokeAction(Object(CakeRequest))
#3 D:\XAMPP\htdocs\job_board\trunk\lib\Cake\Routing\Dispatcher.php(167): Dispatcher->_invoke(Object(JobSeekersController), Object(CakeRequest))
#4 D:\XAMPP\htdocs\job_board\trunk\app\webroot\index.php(118): Dispatcher->dispatch(Object(CakeRequest), Object(CakeResponse))
#5 {main}
2017-10-12 19:19:31 Error: [NotFoundException] Invalid Link
Request URL: /job_board/trunk/job_seekers/apply_job/8
Stack Trace:
#0 [internal function]: JobSeekersController->apply_job('8')
#1 D:\XAMPP\htdocs\job_board\trunk\lib\Cake\Controller\Controller.php(490): ReflectionMethod->invokeArgs(Object(JobSeekersController), Array)
#2 D:\XAMPP\htdocs\job_board\trunk\lib\Cake\Routing\Dispatcher.php(193): Controller->invokeAction(Object(CakeRequest))
#3 D:\XAMPP\htdocs\job_board\trunk\lib\Cake\Routing\Dispatcher.php(167): Dispatcher->_invoke(Object(JobSeekersController), Object(CakeRequest))
#4 D:\XAMPP\htdocs\job_board\trunk\app\webroot\index.php(118): Dispatcher->dispatch(Object(CakeRequest), Object(CakeResponse))
#5 {main}
2017-10-12 19:19:45 Error: [NotFoundException] Invalid Link
Request URL: /job_board/trunk/job_seekers/apply_job/8
Stack Trace:
#0 [internal function]: JobSeekersController->apply_job('8')
#1 D:\XAMPP\htdocs\job_board\trunk\lib\Cake\Controller\Controller.php(490): ReflectionMethod->invokeArgs(Object(JobSeekersController), Array)
#2 D:\XAMPP\htdocs\job_board\trunk\lib\Cake\Routing\Dispatcher.php(193): Controller->invokeAction(Object(CakeRequest))
#3 D:\XAMPP\htdocs\job_board\trunk\lib\Cake\Routing\Dispatcher.php(167): Dispatcher->_invoke(Object(JobSeekersController), Object(CakeRequest))
#4 D:\XAMPP\htdocs\job_board\trunk\app\webroot\index.php(118): Dispatcher->dispatch(Object(CakeRequest), Object(CakeResponse))
#5 {main}
2017-10-12 19:21:39 Error: [PDOException] SQLSTATE[HY000]: General error: 1364 Field 'name' doesn't have a default value
Request URL: /job_board/trunk/job_seekers/apply_job/8
Stack Trace:
#0 D:\XAMPP\htdocs\job_board\trunk\lib\Cake\Model\Datasource\DboSource.php(461): PDOStatement->execute(Array)
#1 D:\XAMPP\htdocs\job_board\trunk\lib\Cake\Model\Datasource\DboSource.php(427): DboSource->_execute('INSERT INTO `sh...', Array)
#2 D:\XAMPP\htdocs\job_board\trunk\lib\Cake\Model\Datasource\DboSource.php(1020): DboSource->execute('INSERT INTO `sh...')
#3 D:\XAMPP\htdocs\job_board\trunk\lib\Cake\Model\Model.php(1928): DboSource->create(Object(Jobseeker), Array, Array)
#4 D:\XAMPP\htdocs\job_board\trunk\lib\Cake\Model\Model.php(1751): Model->_doSave(Array, Array)
#5 D:\XAMPP\htdocs\job_board\trunk\app\Controller\JobSeekersController.php(40): Model->save(Array)
#6 [internal function]: JobSeekersController->apply_job('8')
#7 D:\XAMPP\htdocs\job_board\trunk\lib\Cake\Controller\Controller.php(490): ReflectionMethod->invokeArgs(Object(JobSeekersController), Array)
#8 D:\XAMPP\htdocs\job_board\trunk\lib\Cake\Routing\Dispatcher.php(193): Controller->invokeAction(Object(CakeRequest))
#9 D:\XAMPP\htdocs\job_board\trunk\lib\Cake\Routing\Dispatcher.php(167): Dispatcher->_invoke(Object(JobSeekersController), Object(CakeRequest))
#10 D:\XAMPP\htdocs\job_board\trunk\app\webroot\index.php(118): Dispatcher->dispatch(Object(CakeRequest), Object(CakeResponse))
#11 {main}
2017-10-12 19:23:51 Error: [PDOException] SQLSTATE[HY000]: General error: 1364 Field 'name' doesn't have a default value
Request URL: /job_board/trunk/job_seekers/apply_job/8
Stack Trace:
#0 D:\XAMPP\htdocs\job_board\trunk\lib\Cake\Model\Datasource\DboSource.php(461): PDOStatement->execute(Array)
#1 D:\XAMPP\htdocs\job_board\trunk\lib\Cake\Model\Datasource\DboSource.php(427): DboSource->_execute('INSERT INTO `sh...', Array)
#2 D:\XAMPP\htdocs\job_board\trunk\lib\Cake\Model\Datasource\DboSource.php(1020): DboSource->execute('INSERT INTO `sh...')
#3 D:\XAMPP\htdocs\job_board\trunk\lib\Cake\Model\Model.php(1928): DboSource->create(Object(Jobseeker), Array, Array)
#4 D:\XAMPP\htdocs\job_board\trunk\lib\Cake\Model\Model.php(1751): Model->_doSave(Array, Array)
#5 D:\XAMPP\htdocs\job_board\trunk\app\Controller\JobSeekersController.php(40): Model->save(Array)
#6 [internal function]: JobSeekersController->apply_job('8')
#7 D:\XAMPP\htdocs\job_board\trunk\lib\Cake\Controller\Controller.php(490): ReflectionMethod->invokeArgs(Object(JobSeekersController), Array)
#8 D:\XAMPP\htdocs\job_board\trunk\lib\Cake\Routing\Dispatcher.php(193): Controller->invokeAction(Object(CakeRequest))
#9 D:\XAMPP\htdocs\job_board\trunk\lib\Cake\Routing\Dispatcher.php(167): Dispatcher->_invoke(Object(JobSeekersController), Object(CakeRequest))
#10 D:\XAMPP\htdocs\job_board\trunk\app\webroot\index.php(118): Dispatcher->dispatch(Object(CakeRequest), Object(CakeResponse))
#11 {main}
2017-10-12 19:25:02 Error: [PDOException] SQLSTATE[HY000]: General error: 1364 Field 'name' doesn't have a default value
Request URL: /job_board/trunk/job_seekers/apply_job/8
Stack Trace:
#0 D:\XAMPP\htdocs\job_board\trunk\lib\Cake\Model\Datasource\DboSource.php(461): PDOStatement->execute(Array)
#1 D:\XAMPP\htdocs\job_board\trunk\lib\Cake\Model\Datasource\DboSource.php(427): DboSource->_execute('INSERT INTO `sh...', Array)
#2 D:\XAMPP\htdocs\job_board\trunk\lib\Cake\Model\Datasource\DboSource.php(1020): DboSource->execute('INSERT INTO `sh...')
#3 D:\XAMPP\htdocs\job_board\trunk\lib\Cake\Model\Model.php(1928): DboSource->create(Object(Jobseeker), Array, Array)
#4 D:\XAMPP\htdocs\job_board\trunk\lib\Cake\Model\Model.php(1751): Model->_doSave(Array, Array)
#5 D:\XAMPP\htdocs\job_board\trunk\app\Controller\JobSeekersController.php(40): Model->save(Array)
#6 [internal function]: JobSeekersController->apply_job('8')
#7 D:\XAMPP\htdocs\job_board\trunk\lib\Cake\Controller\Controller.php(490): ReflectionMethod->invokeArgs(Object(JobSeekersController), Array)
#8 D:\XAMPP\htdocs\job_board\trunk\lib\Cake\Routing\Dispatcher.php(193): Controller->invokeAction(Object(CakeRequest))
#9 D:\XAMPP\htdocs\job_board\trunk\lib\Cake\Routing\Dispatcher.php(167): Dispatcher->_invoke(Object(JobSeekersController), Object(CakeRequest))
#10 D:\XAMPP\htdocs\job_board\trunk\app\webroot\index.php(118): Dispatcher->dispatch(Object(CakeRequest), Object(CakeResponse))
#11 {main}
2017-10-12 19:27:18 Error: Fatal Error (1): Call to a member function set() on a non-object in [D:\XAMPP\htdocs\job_board\trunk\app\Controller\JobSeekersController.php, line 46]
2017-10-12 19:27:18 Error: [FatalErrorException] Call to a member function set() on a non-object
Request URL: /job_board/trunk/job_seekers/apply_job/8
Stack Trace:
#0 D:\XAMPP\htdocs\job_board\trunk\lib\Cake\Error\ErrorHandler.php(213): ErrorHandler::handleFatalError(1, 'Call to a membe...', 'D:\XAMPP\htdocs...', 46)
#1 [internal function]: ErrorHandler::handleError(1, 'Call to a membe...', 'D:\XAMPP\htdocs...', 46, Array)
#2 D:\XAMPP\htdocs\job_board\trunk\lib\Cake\Core\App.php(933): call_user_func('ErrorHandler::h...', 1, 'Call to a membe...', 'D:\XAMPP\htdocs...', 46, Array)
#3 D:\XAMPP\htdocs\job_board\trunk\lib\Cake\Core\App.php(906): App::_checkFatalError()
#4 [internal function]: App::shutdown()
#5 {main}
2017-10-12 19:34:10 Error: Fatal Error (1): Class 'FrontBasesController' not found in [D:\XAMPP\htdocs\job_board\trunk\app\Controller\JobSeekersController.php, line 10]
2017-10-12 19:34:10 Error: [FatalErrorException] Class 'FrontBasesController' not found
Request URL: /job_board/trunk/job_seekers/apply_job/8
Stack Trace:
#0 D:\XAMPP\htdocs\job_board\trunk\lib\Cake\Error\ErrorHandler.php(213): ErrorHandler::handleFatalError(1, 'Class 'FrontBas...', 'D:\XAMPP\htdocs...', 10)
#1 [internal function]: ErrorHandler::handleError(1, 'Class 'FrontBas...', 'D:\XAMPP\htdocs...', 10, Array)
#2 D:\XAMPP\htdocs\job_board\trunk\lib\Cake\Core\App.php(933): call_user_func('ErrorHandler::h...', 1, 'Class 'FrontBas...', 'D:\XAMPP\htdocs...', 10, Array)
#3 D:\XAMPP\htdocs\job_board\trunk\lib\Cake\Core\App.php(906): App::_checkFatalError()
#4 [internal function]: App::shutdown()
#5 {main}
2017-10-12 19:35:46 Error: [NotFoundException] Invalid Link
Request URL: /job_board/trunk/jobs/job_detail/assets/img/favicon.png
Stack Trace:
#0 [internal function]: JobsController->job_detail('assets', 'img', 'favicon.png')
#1 D:\XAMPP\htdocs\job_board\trunk\lib\Cake\Controller\Controller.php(490): ReflectionMethod->invokeArgs(Object(JobsController), Array)
#2 D:\XAMPP\htdocs\job_board\trunk\lib\Cake\Routing\Dispatcher.php(193): Controller->invokeAction(Object(CakeRequest))
#3 D:\XAMPP\htdocs\job_board\trunk\lib\Cake\Routing\Dispatcher.php(167): Dispatcher->_invoke(Object(JobsController), Object(CakeRequest))
#4 D:\XAMPP\htdocs\job_board\trunk\app\webroot\index.php(118): Dispatcher->dispatch(Object(CakeRequest), Object(CakeResponse))
#5 {main}
2017-10-12 19:47:57 Error: [NotFoundException] Invalid Link
Request URL: /job_board/trunk/jobs/job_detail/assets/img/favicon.png
Stack Trace:
#0 [internal function]: JobsController->job_detail('assets', 'img', 'favicon.png')
#1 D:\XAMPP\htdocs\job_board\trunk\lib\Cake\Controller\Controller.php(490): ReflectionMethod->invokeArgs(Object(JobsController), Array)
#2 D:\XAMPP\htdocs\job_board\trunk\lib\Cake\Routing\Dispatcher.php(193): Controller->invokeAction(Object(CakeRequest))
#3 D:\XAMPP\htdocs\job_board\trunk\lib\Cake\Routing\Dispatcher.php(167): Dispatcher->_invoke(Object(JobsController), Object(CakeRequest))
#4 D:\XAMPP\htdocs\job_board\trunk\app\webroot\index.php(118): Dispatcher->dispatch(Object(CakeRequest), Object(CakeResponse))
#5 {main}
2017-10-12 19:48:14 Error: Fatal Error (1): Unsupported operand types in [D:\XAMPP\htdocs\job_board\trunk\lib\Cake\Controller\Component\FlashComponent.php, line 72]
2017-10-12 19:48:14 Error: [FatalErrorException] Unsupported operand types
Request URL: /job_board/trunk/job_seekers/apply_job/8
Stack Trace:
#0 D:\XAMPP\htdocs\job_board\trunk\lib\Cake\Error\ErrorHandler.php(213): ErrorHandler::handleFatalError(1, 'Unsupported ope...', 'D:\XAMPP\htdocs...', 72)
#1 [internal function]: ErrorHandler::handleError(1, 'Unsupported ope...', 'D:\XAMPP\htdocs...', 72, Array)
#2 D:\XAMPP\htdocs\job_board\trunk\lib\Cake\Core\App.php(933): call_user_func('ErrorHandler::h...', 1, 'Unsupported ope...', 'D:\XAMPP\htdocs...', 72, Array)
#3 D:\XAMPP\htdocs\job_board\trunk\lib\Cake\Core\App.php(906): App::_checkFatalError()
#4 [internal function]: App::shutdown()
#5 {main}
2017-10-12 19:50:04 Error: [MissingControllerException] Controller class AssetsController could not be found.
Exception Attributes: array (
  'class' => 'AssetsController',
  'plugin' => NULL,
)
Request URL: /job_board/trunk/assets/js/bootstrap-select.js.map
Stack Trace:
#0 D:\XAMPP\htdocs\job_board\trunk\app\webroot\index.php(118): Dispatcher->dispatch(Object(CakeRequest), Object(CakeResponse))
#1 {main}
2017-10-12 19:50:04 Error: [MissingControllerException] Controller class AssetsController could not be found.
Exception Attributes: array (
  'class' => 'AssetsController',
  'plugin' => NULL,
)
Request URL: /job_board/trunk/assets/css/bootstrap.min.css.map
Stack Trace:
#0 D:\XAMPP\htdocs\job_board\trunk\app\webroot\index.php(118): Dispatcher->dispatch(Object(CakeRequest), Object(CakeResponse))
#1 {main}
2017-10-12 19:50:50 Error: [MissingControllerException] Controller class AssetsController could not be found.
Exception Attributes: array (
  'class' => 'AssetsController',
  'plugin' => NULL,
)
Request URL: /job_board/trunk/assets/js/bootstrap-select.js.map
Stack Trace:
#0 D:\XAMPP\htdocs\job_board\trunk\app\webroot\index.php(118): Dispatcher->dispatch(Object(CakeRequest), Object(CakeResponse))
#1 {main}
2017-10-12 19:51:01 Error: [MissingControllerException] Controller class AssetsController could not be found.
Exception Attributes: array (
  'class' => 'AssetsController',
  'plugin' => NULL,
)
Request URL: /job_board/trunk/assets/css/bootstrap.min.css.map
Stack Trace:
#0 D:\XAMPP\htdocs\job_board\trunk\app\webroot\index.php(118): Dispatcher->dispatch(Object(CakeRequest), Object(CakeResponse))
#1 {main}
2017-10-12 19:51:01 Error: [MissingControllerException] Controller class AssetsController could not be found.
Exception Attributes: array (
  'class' => 'AssetsController',
  'plugin' => NULL,
)
Request URL: /job_board/trunk/assets/js/bootstrap-select.js.map
Stack Trace:
#0 D:\XAMPP\htdocs\job_board\trunk\app\webroot\index.php(118): Dispatcher->dispatch(Object(CakeRequest), Object(CakeResponse))
#1 {main}
2017-10-12 19:51:32 Error: [MissingControllerException] Controller class AssetsController could not be found.
Exception Attributes: array (
  'class' => 'AssetsController',
  'plugin' => NULL,
)
Request URL: /job_board/trunk/assets/css/bootstrap.min.css.map
Stack Trace:
#0 D:\XAMPP\htdocs\job_board\trunk\app\webroot\index.php(118): Dispatcher->dispatch(Object(CakeRequest), Object(CakeResponse))
#1 {main}
2017-10-12 19:51:32 Error: [MissingControllerException] Controller class AssetsController could not be found.
Exception Attributes: array (
  'class' => 'AssetsController',
  'plugin' => NULL,
)
Request URL: /job_board/trunk/assets/js/bootstrap-select.js.map
Stack Trace:
#0 D:\XAMPP\htdocs\job_board\trunk\app\webroot\index.php(118): Dispatcher->dispatch(Object(CakeRequest), Object(CakeResponse))
#1 {main}
2017-10-12 20:45:34 Error: [MissingActionException] Action UsersController::assets() could not be found.
Exception Attributes: array (
  'controller' => 'UsersController',
  'action' => 'assets',
)
Request URL: /job_board/trunk/users/assets/img/favicon.png
Stack Trace:
#0 D:\XAMPP\htdocs\job_board\trunk\lib\Cake\Routing\Dispatcher.php(193): Controller->invokeAction(Object(CakeRequest))
#1 D:\XAMPP\htdocs\job_board\trunk\lib\Cake\Routing\Dispatcher.php(167): Dispatcher->_invoke(Object(UsersController), Object(CakeRequest))
#2 D:\XAMPP\htdocs\job_board\trunk\app\webroot\index.php(118): Dispatcher->dispatch(Object(CakeRequest), Object(CakeResponse))
#3 {main}
