2017-01-31 17:31:34 Error: [MissingControllerException] Controller class CssController could not be found.
Exception Attributes: array (
  'class' => 'CssController',
  'plugin' => NULL,
)
Request URL: /job_portal/css/bootstrap.min.css.map
Stack Trace:
#0 D:\XAMPP\htdocs\job_portal\app\webroot\index.php(118): Dispatcher->dispatch(Object(CakeRequest), Object(CakeResponse))
#1 {main}
2017-01-31 17:32:11 Error: [MissingControllerException] Controller class CssController could not be found.
Exception Attributes: array (
  'class' => 'CssController',
  'plugin' => NULL,
)
Request URL: /job_portal/css/bootstrap.min.css.map
Stack Trace:
#0 D:\XAMPP\htdocs\job_portal\app\webroot\index.php(118): Dispatcher->dispatch(Object(CakeRequest), Object(CakeResponse))
#1 {main}
2017-01-31 17:33:27 Error: [MissingControllerException] Controller class CssController could not be found.
Exception Attributes: array (
  'class' => 'CssController',
  'plugin' => NULL,
)
Request URL: /job_portal/css/bootstrap.min.css.map
Stack Trace:
#0 D:\XAMPP\htdocs\job_portal\app\webroot\index.php(118): Dispatcher->dispatch(Object(CakeRequest), Object(CakeResponse))
#1 {main}
2017-01-31 17:34:00 Error: [MissingControllerException] Controller class CssController could not be found.
Exception Attributes: array (
  'class' => 'CssController',
  'plugin' => NULL,
)
Request URL: /job_portal/css/bootstrap.min.css.map
Stack Trace:
#0 D:\XAMPP\htdocs\job_portal\app\webroot\index.php(118): Dispatcher->dispatch(Object(CakeRequest), Object(CakeResponse))
#1 {main}
2017-01-31 17:46:29 Error: [MissingControllerException] Controller class CssController could not be found.
Exception Attributes: array (
  'class' => 'CssController',
  'plugin' => NULL,
)
Request URL: /job_portal/css/bootstrap.min.css.map
Stack Trace:
#0 D:\XAMPP\htdocs\job_portal\app\webroot\index.php(118): Dispatcher->dispatch(Object(CakeRequest), Object(CakeResponse))
#1 {main}
2017-01-31 17:57:27 Error: [PDOException] SQLSTATE[42S22]: Column not found: 1054 Unknown column 'type' in 'where clause'
Request URL: /job_portal/
Stack Trace:
#0 D:\XAMPP\htdocs\job_portal\lib\Cake\Model\Datasource\DboSource.php(461): PDOStatement->execute(Array)
#1 D:\XAMPP\htdocs\job_portal\lib\Cake\Model\Datasource\DboSource.php(427): DboSource->_execute('SELECT `Adverti...', Array)
#2 D:\XAMPP\htdocs\job_portal\lib\Cake\Model\Datasource\DboSource.php(669): DboSource->execute('SELECT `Adverti...', Array, Array)
#3 D:\XAMPP\htdocs\job_portal\lib\Cake\Model\Datasource\DboSource.php(1114): DboSource->fetchAll('SELECT `Adverti...', false)
#4 D:\XAMPP\htdocs\job_portal\lib\Cake\Model\Model.php(3026): DboSource->read(Object(Advertise), Array)
#5 D:\XAMPP\htdocs\job_portal\lib\Cake\Model\Model.php(2998): Model->_readDataSource('all', Array)
#6 D:\XAMPP\htdocs\job_portal\app\Model\Advertise.php(16): Model->find('all', Array)
#7 D:\XAMPP\htdocs\job_portal\app\Controller\HomesController.php(24): Advertise->getMainAdsSlider()
#8 [internal function]: HomesController->home()
#9 D:\XAMPP\htdocs\job_portal\lib\Cake\Controller\Controller.php(490): ReflectionMethod->invokeArgs(Object(HomesController), Array)
#10 D:\XAMPP\htdocs\job_portal\lib\Cake\Routing\Dispatcher.php(193): Controller->invokeAction(Object(CakeRequest))
#11 D:\XAMPP\htdocs\job_portal\lib\Cake\Routing\Dispatcher.php(167): Dispatcher->_invoke(Object(HomesController), Object(CakeRequest))
#12 D:\XAMPP\htdocs\job_portal\app\webroot\index.php(118): Dispatcher->dispatch(Object(CakeRequest), Object(CakeResponse))
#13 {main}
2017-01-31 17:57:54 Error: [MissingControllerException] Controller class AdsController could not be found.
Exception Attributes: array (
  'class' => 'AdsController',
  'plugin' => NULL,
)
Request URL: /job_portal/ads/2/Library_Cubbon_Park_saicabs.net.jpg
Stack Trace:
#0 D:\XAMPP\htdocs\job_portal\app\webroot\index.php(118): Dispatcher->dispatch(Object(CakeRequest), Object(CakeResponse))
#1 {main}
2017-01-31 17:57:54 Error: [MissingControllerException] Controller class AdsController could not be found.
Exception Attributes: array (
  'class' => 'AdsController',
  'plugin' => NULL,
)
Request URL: /job_portal/ads/3/Library_Cubbon_Park_saicabs.net.jpg
Stack Trace:
#0 D:\XAMPP\htdocs\job_portal\app\webroot\index.php(118): Dispatcher->dispatch(Object(CakeRequest), Object(CakeResponse))
#1 {main}
2017-01-31 17:57:54 Error: [MissingControllerException] Controller class AdsController could not be found.
Exception Attributes: array (
  'class' => 'AdsController',
  'plugin' => NULL,
)
Request URL: /job_portal/ads/4/Library_Cubbon_Park_saicabs.net.jpg
Stack Trace:
#0 D:\XAMPP\htdocs\job_portal\app\webroot\index.php(118): Dispatcher->dispatch(Object(CakeRequest), Object(CakeResponse))
#1 {main}
2017-01-31 17:57:54 Error: [MissingControllerException] Controller class AdsController could not be found.
Exception Attributes: array (
  'class' => 'AdsController',
  'plugin' => NULL,
)
Request URL: /job_portal/ads/5/Library_Cubbon_Park_saicabs.net.jpg
Stack Trace:
#0 D:\XAMPP\htdocs\job_portal\app\webroot\index.php(118): Dispatcher->dispatch(Object(CakeRequest), Object(CakeResponse))
#1 {main}
2017-01-31 17:57:54 Error: [MissingControllerException] Controller class AdsController could not be found.
Exception Attributes: array (
  'class' => 'AdsController',
  'plugin' => NULL,
)
Request URL: /job_portal/ads/2/Library_Cubbon_Park_saicabs.net.jpg
Stack Trace:
#0 D:\XAMPP\htdocs\job_portal\app\webroot\index.php(118): Dispatcher->dispatch(Object(CakeRequest), Object(CakeResponse))
#1 {main}
2017-01-31 17:57:59 Error: [MissingControllerException] Controller class AdsController could not be found.
Exception Attributes: array (
  'class' => 'AdsController',
  'plugin' => NULL,
)
Request URL: /job_portal/ads/3/Library_Cubbon_Park_saicabs.net.jpg
Stack Trace:
#0 D:\XAMPP\htdocs\job_portal\app\webroot\index.php(118): Dispatcher->dispatch(Object(CakeRequest), Object(CakeResponse))
#1 {main}
2017-01-31 17:58:02 Error: [MissingControllerException] Controller class CssController could not be found.
Exception Attributes: array (
  'class' => 'CssController',
  'plugin' => NULL,
)
Request URL: /job_portal/css/bootstrap.min.css.map
Stack Trace:
#0 D:\XAMPP\htdocs\job_portal\app\webroot\index.php(118): Dispatcher->dispatch(Object(CakeRequest), Object(CakeResponse))
#1 {main}
2017-01-31 17:58:03 Error: [MissingControllerException] Controller class AdsController could not be found.
Exception Attributes: array (
  'class' => 'AdsController',
  'plugin' => NULL,
)
Request URL: /job_portal/ads/4/Library_Cubbon_Park_saicabs.net.jpg
Stack Trace:
#0 D:\XAMPP\htdocs\job_portal\app\webroot\index.php(118): Dispatcher->dispatch(Object(CakeRequest), Object(CakeResponse))
#1 {main}
2017-01-31 17:58:07 Error: [MissingControllerException] Controller class AdsController could not be found.
Exception Attributes: array (
  'class' => 'AdsController',
  'plugin' => NULL,
)
Request URL: /job_portal/ads/5/Library_Cubbon_Park_saicabs.net.jpg
Stack Trace:
#0 D:\XAMPP\htdocs\job_portal\app\webroot\index.php(118): Dispatcher->dispatch(Object(CakeRequest), Object(CakeResponse))
#1 {main}
2017-01-31 17:58:11 Error: [MissingControllerException] Controller class AdsController could not be found.
Exception Attributes: array (
  'class' => 'AdsController',
  'plugin' => NULL,
)
Request URL: /job_portal/ads/2/Library_Cubbon_Park_saicabs.net.jpg
Stack Trace:
#0 D:\XAMPP\htdocs\job_portal\app\webroot\index.php(118): Dispatcher->dispatch(Object(CakeRequest), Object(CakeResponse))
#1 {main}
2017-01-31 17:58:15 Error: [MissingControllerException] Controller class AdsController could not be found.
Exception Attributes: array (
  'class' => 'AdsController',
  'plugin' => NULL,
)
Request URL: /job_portal/ads/3/Library_Cubbon_Park_saicabs.net.jpg
Stack Trace:
#0 D:\XAMPP\htdocs\job_portal\app\webroot\index.php(118): Dispatcher->dispatch(Object(CakeRequest), Object(CakeResponse))
#1 {main}
2017-01-31 17:58:19 Error: [MissingControllerException] Controller class AdsController could not be found.
Exception Attributes: array (
  'class' => 'AdsController',
  'plugin' => NULL,
)
Request URL: /job_portal/ads/4/Library_Cubbon_Park_saicabs.net.jpg
Stack Trace:
#0 D:\XAMPP\htdocs\job_portal\app\webroot\index.php(118): Dispatcher->dispatch(Object(CakeRequest), Object(CakeResponse))
#1 {main}
2017-01-31 17:58:23 Error: [MissingControllerException] Controller class AdsController could not be found.
Exception Attributes: array (
  'class' => 'AdsController',
  'plugin' => NULL,
)
Request URL: /job_portal/ads/5/Library_Cubbon_Park_saicabs.net.jpg
Stack Trace:
#0 D:\XAMPP\htdocs\job_portal\app\webroot\index.php(118): Dispatcher->dispatch(Object(CakeRequest), Object(CakeResponse))
#1 {main}
2017-01-31 17:58:27 Error: [MissingControllerException] Controller class AdsController could not be found.
Exception Attributes: array (
  'class' => 'AdsController',
  'plugin' => NULL,
)
Request URL: /job_portal/ads/2/Library_Cubbon_Park_saicabs.net.jpg
Stack Trace:
#0 D:\XAMPP\htdocs\job_portal\app\webroot\index.php(118): Dispatcher->dispatch(Object(CakeRequest), Object(CakeResponse))
#1 {main}
2017-01-31 17:58:31 Error: [MissingControllerException] Controller class AdsController could not be found.
Exception Attributes: array (
  'class' => 'AdsController',
  'plugin' => NULL,
)
Request URL: /job_portal/ads/3/Library_Cubbon_Park_saicabs.net.jpg
Stack Trace:
#0 D:\XAMPP\htdocs\job_portal\app\webroot\index.php(118): Dispatcher->dispatch(Object(CakeRequest), Object(CakeResponse))
#1 {main}
2017-01-31 17:58:35 Error: [MissingControllerException] Controller class AdsController could not be found.
Exception Attributes: array (
  'class' => 'AdsController',
  'plugin' => NULL,
)
Request URL: /job_portal/ads/4/Library_Cubbon_Park_saicabs.net.jpg
Stack Trace:
#0 D:\XAMPP\htdocs\job_portal\app\webroot\index.php(118): Dispatcher->dispatch(Object(CakeRequest), Object(CakeResponse))
#1 {main}
2017-01-31 17:58:39 Error: [MissingControllerException] Controller class AdsController could not be found.
Exception Attributes: array (
  'class' => 'AdsController',
  'plugin' => NULL,
)
Request URL: /job_portal/ads/5/Library_Cubbon_Park_saicabs.net.jpg
Stack Trace:
#0 D:\XAMPP\htdocs\job_portal\app\webroot\index.php(118): Dispatcher->dispatch(Object(CakeRequest), Object(CakeResponse))
#1 {main}
2017-01-31 17:58:43 Error: [MissingControllerException] Controller class AdsController could not be found.
Exception Attributes: array (
  'class' => 'AdsController',
  'plugin' => NULL,
)
Request URL: /job_portal/ads/2/Library_Cubbon_Park_saicabs.net.jpg
Stack Trace:
#0 D:\XAMPP\htdocs\job_portal\app\webroot\index.php(118): Dispatcher->dispatch(Object(CakeRequest), Object(CakeResponse))
#1 {main}
2017-01-31 17:58:47 Error: [MissingControllerException] Controller class AdsController could not be found.
Exception Attributes: array (
  'class' => 'AdsController',
  'plugin' => NULL,
)
Request URL: /job_portal/ads/3/Library_Cubbon_Park_saicabs.net.jpg
Stack Trace:
#0 D:\XAMPP\htdocs\job_portal\app\webroot\index.php(118): Dispatcher->dispatch(Object(CakeRequest), Object(CakeResponse))
#1 {main}
2017-01-31 17:58:51 Error: [MissingControllerException] Controller class AdsController could not be found.
Exception Attributes: array (
  'class' => 'AdsController',
  'plugin' => NULL,
)
Request URL: /job_portal/ads/4/Library_Cubbon_Park_saicabs.net.jpg
Stack Trace:
#0 D:\XAMPP\htdocs\job_portal\app\webroot\index.php(118): Dispatcher->dispatch(Object(CakeRequest), Object(CakeResponse))
#1 {main}
2017-01-31 17:58:55 Error: [MissingControllerException] Controller class AdsController could not be found.
Exception Attributes: array (
  'class' => 'AdsController',
  'plugin' => NULL,
)
Request URL: /job_portal/ads/5/Library_Cubbon_Park_saicabs.net.jpg
Stack Trace:
#0 D:\XAMPP\htdocs\job_portal\app\webroot\index.php(118): Dispatcher->dispatch(Object(CakeRequest), Object(CakeResponse))
#1 {main}
2017-01-31 17:58:59 Error: [MissingControllerException] Controller class AdsController could not be found.
Exception Attributes: array (
  'class' => 'AdsController',
  'plugin' => NULL,
)
Request URL: /job_portal/ads/2/Library_Cubbon_Park_saicabs.net.jpg
Stack Trace:
#0 D:\XAMPP\htdocs\job_portal\app\webroot\index.php(118): Dispatcher->dispatch(Object(CakeRequest), Object(CakeResponse))
#1 {main}
2017-01-31 17:59:03 Error: [MissingControllerException] Controller class AdsController could not be found.
Exception Attributes: array (
  'class' => 'AdsController',
  'plugin' => NULL,
)
Request URL: /job_portal/ads/3/Library_Cubbon_Park_saicabs.net.jpg
Stack Trace:
#0 D:\XAMPP\htdocs\job_portal\app\webroot\index.php(118): Dispatcher->dispatch(Object(CakeRequest), Object(CakeResponse))
#1 {main}
2017-01-31 17:59:05 Error: [MissingControllerException] Controller class CssController could not be found.
Exception Attributes: array (
  'class' => 'CssController',
  'plugin' => NULL,
)
Request URL: /job_portal/css/bootstrap.min.css.map
Stack Trace:
#0 D:\XAMPP\htdocs\job_portal\app\webroot\index.php(118): Dispatcher->dispatch(Object(CakeRequest), Object(CakeResponse))
#1 {main}
2017-01-31 18:00:29 Error: [MissingControllerException] Controller class AdsController could not be found.
Exception Attributes: array (
  'class' => 'AdsController',
  'plugin' => NULL,
)
Request URL: /job_portal/ads/2/Library_Cubbon_Park_saicabs.net.jpg
Stack Trace:
#0 D:\XAMPP\htdocs\job_portal\app\webroot\index.php(118): Dispatcher->dispatch(Object(CakeRequest), Object(CakeResponse))
#1 {main}
2017-01-31 18:00:29 Error: [MissingControllerException] Controller class AdsController could not be found.
Exception Attributes: array (
  'class' => 'AdsController',
  'plugin' => NULL,
)
Request URL: /job_portal/ads/3/Library_Cubbon_Park_saicabs.net.jpg
Stack Trace:
#0 D:\XAMPP\htdocs\job_portal\app\webroot\index.php(118): Dispatcher->dispatch(Object(CakeRequest), Object(CakeResponse))
#1 {main}
2017-01-31 18:00:29 Error: [MissingControllerException] Controller class AdsController could not be found.
Exception Attributes: array (
  'class' => 'AdsController',
  'plugin' => NULL,
)
Request URL: /job_portal/ads/4/Library_Cubbon_Park_saicabs.net.jpg
Stack Trace:
#0 D:\XAMPP\htdocs\job_portal\app\webroot\index.php(118): Dispatcher->dispatch(Object(CakeRequest), Object(CakeResponse))
#1 {main}
2017-01-31 18:00:29 Error: [MissingControllerException] Controller class AdsController could not be found.
Exception Attributes: array (
  'class' => 'AdsController',
  'plugin' => NULL,
)
Request URL: /job_portal/ads/5/Library_Cubbon_Park_saicabs.net.jpg
Stack Trace:
#0 D:\XAMPP\htdocs\job_portal\app\webroot\index.php(118): Dispatcher->dispatch(Object(CakeRequest), Object(CakeResponse))
#1 {main}
2017-01-31 18:00:29 Error: [MissingControllerException] Controller class CssController could not be found.
Exception Attributes: array (
  'class' => 'CssController',
  'plugin' => NULL,
)
Request URL: /job_portal/css/bootstrap.min.css.map
Stack Trace:
#0 D:\XAMPP\htdocs\job_portal\app\webroot\index.php(118): Dispatcher->dispatch(Object(CakeRequest), Object(CakeResponse))
#1 {main}
2017-01-31 18:00:30 Error: [MissingControllerException] Controller class AdsController could not be found.
Exception Attributes: array (
  'class' => 'AdsController',
  'plugin' => NULL,
)
Request URL: /job_portal/ads/2/Library_Cubbon_Park_saicabs.net.jpg
Stack Trace:
#0 D:\XAMPP\htdocs\job_portal\app\webroot\index.php(118): Dispatcher->dispatch(Object(CakeRequest), Object(CakeResponse))
#1 {main}
2017-01-31 18:00:30 Error: [MissingControllerException] Controller class AdsController could not be found.
Exception Attributes: array (
  'class' => 'AdsController',
  'plugin' => NULL,
)
Request URL: /job_portal/ads/4/Library_Cubbon_Park_saicabs.net.jpg
Stack Trace:
#0 D:\XAMPP\htdocs\job_portal\app\webroot\index.php(118): Dispatcher->dispatch(Object(CakeRequest), Object(CakeResponse))
#1 {main}
2017-01-31 18:00:30 Error: [MissingControllerException] Controller class AdsController could not be found.
Exception Attributes: array (
  'class' => 'AdsController',
  'plugin' => NULL,
)
Request URL: /job_portal/ads/3/Library_Cubbon_Park_saicabs.net.jpg
Stack Trace:
#0 D:\XAMPP\htdocs\job_portal\app\webroot\index.php(118): Dispatcher->dispatch(Object(CakeRequest), Object(CakeResponse))
#1 {main}
2017-01-31 18:00:30 Error: [MissingControllerException] Controller class AdsController could not be found.
Exception Attributes: array (
  'class' => 'AdsController',
  'plugin' => NULL,
)
Request URL: /job_portal/ads/5/Library_Cubbon_Park_saicabs.net.jpg
Stack Trace:
#0 D:\XAMPP\htdocs\job_portal\app\webroot\index.php(118): Dispatcher->dispatch(Object(CakeRequest), Object(CakeResponse))
#1 {main}
2017-01-31 18:00:30 Error: [MissingControllerException] Controller class AdsController could not be found.
Exception Attributes: array (
  'class' => 'AdsController',
  'plugin' => NULL,
)
Request URL: /job_portal/ads/2/Library_Cubbon_Park_saicabs.net.jpg
Stack Trace:
#0 D:\XAMPP\htdocs\job_portal\app\webroot\index.php(118): Dispatcher->dispatch(Object(CakeRequest), Object(CakeResponse))
#1 {main}
2017-01-31 18:00:34 Error: [MissingControllerException] Controller class AdsController could not be found.
Exception Attributes: array (
  'class' => 'AdsController',
  'plugin' => NULL,
)
Request URL: /job_portal/ads/3/Library_Cubbon_Park_saicabs.net.jpg
Stack Trace:
#0 D:\XAMPP\htdocs\job_portal\app\webroot\index.php(118): Dispatcher->dispatch(Object(CakeRequest), Object(CakeResponse))
#1 {main}
2017-01-31 18:00:38 Error: [MissingControllerException] Controller class AdsController could not be found.
Exception Attributes: array (
  'class' => 'AdsController',
  'plugin' => NULL,
)
Request URL: /job_portal/ads/4/Library_Cubbon_Park_saicabs.net.jpg
Stack Trace:
#0 D:\XAMPP\htdocs\job_portal\app\webroot\index.php(118): Dispatcher->dispatch(Object(CakeRequest), Object(CakeResponse))
#1 {main}
2017-01-31 18:00:42 Error: [MissingControllerException] Controller class AdsController could not be found.
Exception Attributes: array (
  'class' => 'AdsController',
  'plugin' => NULL,
)
Request URL: /job_portal/ads/5/Library_Cubbon_Park_saicabs.net.jpg
Stack Trace:
#0 D:\XAMPP\htdocs\job_portal\app\webroot\index.php(118): Dispatcher->dispatch(Object(CakeRequest), Object(CakeResponse))
#1 {main}
2017-01-31 18:00:46 Error: [MissingControllerException] Controller class AdsController could not be found.
Exception Attributes: array (
  'class' => 'AdsController',
  'plugin' => NULL,
)
Request URL: /job_portal/ads/2/Library_Cubbon_Park_saicabs.net.jpg
Stack Trace:
#0 D:\XAMPP\htdocs\job_portal\app\webroot\index.php(118): Dispatcher->dispatch(Object(CakeRequest), Object(CakeResponse))
#1 {main}
2017-01-31 18:01:29 Error: [MissingControllerException] Controller class AdsController could not be found.
Exception Attributes: array (
  'class' => 'AdsController',
  'plugin' => NULL,
)
Request URL: /job_portal/ads/2/Library_Cubbon_Park_saicabs.net.jpg
Stack Trace:
#0 D:\XAMPP\htdocs\job_portal\app\webroot\index.php(118): Dispatcher->dispatch(Object(CakeRequest), Object(CakeResponse))
#1 {main}
2017-01-31 18:01:29 Error: [MissingControllerException] Controller class CssController could not be found.
Exception Attributes: array (
  'class' => 'CssController',
  'plugin' => NULL,
)
Request URL: /job_portal/css/bootstrap.min.css.map
Stack Trace:
#0 D:\XAMPP\htdocs\job_portal\app\webroot\index.php(118): Dispatcher->dispatch(Object(CakeRequest), Object(CakeResponse))
#1 {main}
2017-01-31 18:01:30 Error: [MissingControllerException] Controller class AdsController could not be found.
Exception Attributes: array (
  'class' => 'AdsController',
  'plugin' => NULL,
)
Request URL: /job_portal/ads/5/Library_Cubbon_Park_saicabs.net.jpg
Stack Trace:
#0 D:\XAMPP\htdocs\job_portal\app\webroot\index.php(118): Dispatcher->dispatch(Object(CakeRequest), Object(CakeResponse))
#1 {main}
2017-01-31 18:01:30 Error: [MissingControllerException] Controller class AdsController could not be found.
Exception Attributes: array (
  'class' => 'AdsController',
  'plugin' => NULL,
)
Request URL: /job_portal/ads/4/Library_Cubbon_Park_saicabs.net.jpg
Stack Trace:
#0 D:\XAMPP\htdocs\job_portal\app\webroot\index.php(118): Dispatcher->dispatch(Object(CakeRequest), Object(CakeResponse))
#1 {main}
2017-01-31 18:01:30 Error: [MissingControllerException] Controller class AdsController could not be found.
Exception Attributes: array (
  'class' => 'AdsController',
  'plugin' => NULL,
)
Request URL: /job_portal/ads/3/Library_Cubbon_Park_saicabs.net.jpg
Stack Trace:
#0 D:\XAMPP\htdocs\job_portal\app\webroot\index.php(118): Dispatcher->dispatch(Object(CakeRequest), Object(CakeResponse))
#1 {main}
2017-01-31 18:01:30 Error: [MissingControllerException] Controller class AdsController could not be found.
Exception Attributes: array (
  'class' => 'AdsController',
  'plugin' => NULL,
)
Request URL: /job_portal/ads/2/Library_Cubbon_Park_saicabs.net.jpg
Stack Trace:
#0 D:\XAMPP\htdocs\job_portal\app\webroot\index.php(118): Dispatcher->dispatch(Object(CakeRequest), Object(CakeResponse))
#1 {main}
2017-01-31 18:01:34 Error: [MissingControllerException] Controller class AdsController could not be found.
Exception Attributes: array (
  'class' => 'AdsController',
  'plugin' => NULL,
)
Request URL: /job_portal/ads/3/Library_Cubbon_Park_saicabs.net.jpg
Stack Trace:
#0 D:\XAMPP\htdocs\job_portal\app\webroot\index.php(118): Dispatcher->dispatch(Object(CakeRequest), Object(CakeResponse))
#1 {main}
2017-01-31 18:01:38 Error: [MissingControllerException] Controller class AdsController could not be found.
Exception Attributes: array (
  'class' => 'AdsController',
  'plugin' => NULL,
)
Request URL: /job_portal/ads/4/Library_Cubbon_Park_saicabs.net.jpg
Stack Trace:
#0 D:\XAMPP\htdocs\job_portal\app\webroot\index.php(118): Dispatcher->dispatch(Object(CakeRequest), Object(CakeResponse))
#1 {main}
2017-01-31 18:01:42 Error: [MissingControllerException] Controller class AdsController could not be found.
Exception Attributes: array (
  'class' => 'AdsController',
  'plugin' => NULL,
)
Request URL: /job_portal/ads/5/Library_Cubbon_Park_saicabs.net.jpg
Stack Trace:
#0 D:\XAMPP\htdocs\job_portal\app\webroot\index.php(118): Dispatcher->dispatch(Object(CakeRequest), Object(CakeResponse))
#1 {main}
2017-01-31 18:01:46 Error: [MissingControllerException] Controller class AdsController could not be found.
Exception Attributes: array (
  'class' => 'AdsController',
  'plugin' => NULL,
)
Request URL: /job_portal/ads/2/Library_Cubbon_Park_saicabs.net.jpg
Stack Trace:
#0 D:\XAMPP\htdocs\job_portal\app\webroot\index.php(118): Dispatcher->dispatch(Object(CakeRequest), Object(CakeResponse))
#1 {main}
2017-01-31 18:01:50 Error: [MissingControllerException] Controller class AdsController could not be found.
Exception Attributes: array (
  'class' => 'AdsController',
  'plugin' => NULL,
)
Request URL: /job_portal/ads/3/Library_Cubbon_Park_saicabs.net.jpg
Stack Trace:
#0 D:\XAMPP\htdocs\job_portal\app\webroot\index.php(118): Dispatcher->dispatch(Object(CakeRequest), Object(CakeResponse))
#1 {main}
2017-01-31 18:01:54 Error: [MissingControllerException] Controller class AdsController could not be found.
Exception Attributes: array (
  'class' => 'AdsController',
  'plugin' => NULL,
)
Request URL: /job_portal/ads/4/Library_Cubbon_Park_saicabs.net.jpg
Stack Trace:
#0 D:\XAMPP\htdocs\job_portal\app\webroot\index.php(118): Dispatcher->dispatch(Object(CakeRequest), Object(CakeResponse))
#1 {main}
2017-01-31 18:01:58 Error: [MissingControllerException] Controller class AdsController could not be found.
Exception Attributes: array (
  'class' => 'AdsController',
  'plugin' => NULL,
)
Request URL: /job_portal/ads/5/Library_Cubbon_Park_saicabs.net.jpg
Stack Trace:
#0 D:\XAMPP\htdocs\job_portal\app\webroot\index.php(118): Dispatcher->dispatch(Object(CakeRequest), Object(CakeResponse))
#1 {main}
2017-01-31 18:02:02 Error: [MissingControllerException] Controller class AdsController could not be found.
Exception Attributes: array (
  'class' => 'AdsController',
  'plugin' => NULL,
)
Request URL: /job_portal/ads/2/Library_Cubbon_Park_saicabs.net.jpg
Stack Trace:
#0 D:\XAMPP\htdocs\job_portal\app\webroot\index.php(118): Dispatcher->dispatch(Object(CakeRequest), Object(CakeResponse))
#1 {main}
2017-01-31 18:02:06 Error: [MissingControllerException] Controller class AdsController could not be found.
Exception Attributes: array (
  'class' => 'AdsController',
  'plugin' => NULL,
)
Request URL: /job_portal/ads/3/Library_Cubbon_Park_saicabs.net.jpg
Stack Trace:
#0 D:\XAMPP\htdocs\job_portal\app\webroot\index.php(118): Dispatcher->dispatch(Object(CakeRequest), Object(CakeResponse))
#1 {main}
2017-01-31 18:02:10 Error: [MissingControllerException] Controller class AdsController could not be found.
Exception Attributes: array (
  'class' => 'AdsController',
  'plugin' => NULL,
)
Request URL: /job_portal/ads/4/Library_Cubbon_Park_saicabs.net.jpg
Stack Trace:
#0 D:\XAMPP\htdocs\job_portal\app\webroot\index.php(118): Dispatcher->dispatch(Object(CakeRequest), Object(CakeResponse))
#1 {main}
2017-01-31 18:02:13 Error: [MissingControllerException] Controller class FilesController could not be found.
Exception Attributes: array (
  'class' => 'FilesController',
  'plugin' => NULL,
)
Request URL: /job_portal/files/ads/5/Library_Cubbon_Park_saicabs.net.jpg
Stack Trace:
#0 D:\XAMPP\htdocs\job_portal\app\webroot\index.php(118): Dispatcher->dispatch(Object(CakeRequest), Object(CakeResponse))
#1 {main}
2017-01-31 18:02:13 Error: [MissingControllerException] Controller class CssController could not be found.
Exception Attributes: array (
  'class' => 'CssController',
  'plugin' => NULL,
)
Request URL: /job_portal/css/bootstrap.min.css.map
Stack Trace:
#0 D:\XAMPP\htdocs\job_portal\app\webroot\index.php(118): Dispatcher->dispatch(Object(CakeRequest), Object(CakeResponse))
#1 {main}
2017-01-31 18:02:13 Error: [MissingControllerException] Controller class FilesController could not be found.
Exception Attributes: array (
  'class' => 'FilesController',
  'plugin' => NULL,
)
Request URL: /job_portal/files/ads/5/Library_Cubbon_Park_saicabs.net.jpg
Stack Trace:
#0 D:\XAMPP\htdocs\job_portal\app\webroot\index.php(118): Dispatcher->dispatch(Object(CakeRequest), Object(CakeResponse))
#1 {main}
2017-01-31 18:02:26 Error: [MissingControllerException] Controller class FilesController could not be found.
Exception Attributes: array (
  'class' => 'FilesController',
  'plugin' => NULL,
)
Request URL: /job_portal/files/ads/5/Library_Cubbon_Park_saicabs.net.jpg
Stack Trace:
#0 D:\XAMPP\htdocs\job_portal\app\webroot\index.php(118): Dispatcher->dispatch(Object(CakeRequest), Object(CakeResponse))
#1 {main}
2017-01-31 18:02:42 Error: [MissingControllerException] Controller class FilesController could not be found.
Exception Attributes: array (
  'class' => 'FilesController',
  'plugin' => NULL,
)
Request URL: /job_portal/files/ads/5/Library_Cubbon_Park_saicabs.net.jpg
Stack Trace:
#0 D:\XAMPP\htdocs\job_portal\app\webroot\index.php(118): Dispatcher->dispatch(Object(CakeRequest), Object(CakeResponse))
#1 {main}
2017-01-31 18:03:02 Error: [MissingControllerException] Controller class CssController could not be found.
Exception Attributes: array (
  'class' => 'CssController',
  'plugin' => NULL,
)
Request URL: /job_portal/css/bootstrap.min.css.map
Stack Trace:
#0 D:\XAMPP\htdocs\job_portal\app\webroot\index.php(118): Dispatcher->dispatch(Object(CakeRequest), Object(CakeResponse))
#1 {main}
2017-01-31 18:03:28 Error: [MissingControllerException] Controller class CssController could not be found.
Exception Attributes: array (
  'class' => 'CssController',
  'plugin' => NULL,
)
Request URL: /job_portal/css/bootstrap.min.css.map
Stack Trace:
#0 D:\XAMPP\htdocs\job_portal\app\webroot\index.php(118): Dispatcher->dispatch(Object(CakeRequest), Object(CakeResponse))
#1 {main}
2017-02-01 03:17:34 Error: [MissingTableException] Table ads_categories for model AdsCategory was not found in datasource default.
Exception Attributes: array (
  'table' => 'ads_categories',
  'class' => 'AdsCategory',
  'ds' => 'default',
)
Request URL: /
Stack Trace:
#0 /home/brad1509/public_html/jobs/lib/Cake/Model/Model.php(3648): Model->setSource('ads_categories')
#1 /home/brad1509/public_html/jobs/lib/Cake/Model/Model.php(1387): Model->getDataSource()
#2 /home/brad1509/public_html/jobs/lib/Cake/Model/Datasource/DboSource.php(2525): Model->schema()
#3 /home/brad1509/public_html/jobs/lib/Cake/Model/Datasource/DboSource.php(1749): DboSource->fields(Object(AdsCategory), 'AdsCategory', '')
#4 /home/brad1509/public_html/jobs/lib/Cake/Model/Datasource/DboSource.php(1101): DboSource->generateAssociationQuery(Object(Advertise), Object(AdsCategory), 'belongsTo', 'AdsCategory', Array, Array, false)
#5 /home/brad1509/public_html/jobs/lib/Cake/Model/Model.php(3026): DboSource->read(Object(Advertise), Array)
#6 /home/brad1509/public_html/jobs/lib/Cake/Model/Model.php(2998): Model->_readDataSource('all', Array)
#7 /home/brad1509/public_html/jobs/app/Model/Advertise.php(24): Model->find('all', Array)
#8 /home/brad1509/public_html/jobs/app/Controller/HomesController.php(24): Advertise->getMainAds('Main', 4)
#9 [internal function]: HomesController->home()
#10 /home/brad1509/public_html/jobs/lib/Cake/Controller/Controller.php(490): ReflectionMethod->invokeArgs(Object(HomesController), Array)
#11 /home/brad1509/public_html/jobs/lib/Cake/Routing/Dispatcher.php(193): Controller->invokeAction(Object(CakeRequest))
#12 /home/brad1509/public_html/jobs/lib/Cake/Routing/Dispatcher.php(167): Dispatcher->_invoke(Object(HomesController), Object(CakeRequest))
#13 /home/brad1509/public_html/jobs/app/webroot/index.php(118): Dispatcher->dispatch(Object(CakeRequest), Object(CakeResponse))
#14 {main}
2017-02-01 03:19:15 Error: [MissingControllerException] Controller class ImagesController could not be found.
Exception Attributes: array (
  'class' => 'ImagesController',
  'plugin' => NULL,
)
Request URL: /images/sy-loader.gif
Stack Trace:
#0 /home/brad1509/public_html/jobs/app/webroot/index.php(118): Dispatcher->dispatch(Object(CakeRequest), Object(CakeResponse))
#1 {main}
2017-02-01 03:20:43 Error: [MissingControllerException] Controller class ImagesController could not be found.
Exception Attributes: array (
  'class' => 'ImagesController',
  'plugin' => NULL,
)
Request URL: /images/sy-loader.gif
Stack Trace:
#0 /home/brad1509/public_html/jobs/app/webroot/index.php(118): Dispatcher->dispatch(Object(CakeRequest), Object(CakeResponse))
#1 {main}
2017-02-01 03:21:00 Error: [MissingControllerException] Controller class ImagesController could not be found.
Exception Attributes: array (
  'class' => 'ImagesController',
  'plugin' => NULL,
)
Request URL: /images/sy-loader.gif
Stack Trace:
#0 /home/brad1509/public_html/jobs/app/webroot/index.php(118): Dispatcher->dispatch(Object(CakeRequest), Object(CakeResponse))
#1 {main}
2017-02-01 03:21:18 Error: [MissingControllerException] Controller class ImagesController could not be found.
Exception Attributes: array (
  'class' => 'ImagesController',
  'plugin' => NULL,
)
Request URL: /images/arrows.svg
Stack Trace:
#0 /home/brad1509/public_html/jobs/app/webroot/index.php(118): Dispatcher->dispatch(Object(CakeRequest), Object(CakeResponse))
#1 {main}
2017-02-01 03:23:47 Error: [MissingControllerException] Controller class ImagesController could not be found.
Exception Attributes: array (
  'class' => 'ImagesController',
  'plugin' => NULL,
)
Request URL: /images/sy-loader.gif
Stack Trace:
#0 /home/brad1509/public_html/jobs/app/webroot/index.php(118): Dispatcher->dispatch(Object(CakeRequest), Object(CakeResponse))
#1 {main}
2017-02-01 03:25:37 Error: [MissingControllerException] Controller class CssController could not be found.
Exception Attributes: array (
  'class' => 'CssController',
  'plugin' => NULL,
)
Request URL: /css/bootstrap.min.css.map
Stack Trace:
#0 /home/brad1509/public_html/jobs/app/webroot/index.php(118): Dispatcher->dispatch(Object(CakeRequest), Object(CakeResponse))
#1 {main}
2017-02-01 03:27:17 Error: [MissingControllerException] Controller class CssController could not be found.
Exception Attributes: array (
  'class' => 'CssController',
  'plugin' => NULL,
)
Request URL: /css/bootstrap.min.css.map
Stack Trace:
#0 /home/brad1509/public_html/jobs/app/webroot/index.php(118): Dispatcher->dispatch(Object(CakeRequest), Object(CakeResponse))
#1 {main}
2017-02-01 03:29:24 Error: [MissingControllerException] Controller class CssController could not be found.
Exception Attributes: array (
  'class' => 'CssController',
  'plugin' => NULL,
)
Request URL: /css/bootstrap.min.css.map
Stack Trace:
#0 /home/brad1509/public_html/jobs/app/webroot/index.php(118): Dispatcher->dispatch(Object(CakeRequest), Object(CakeResponse))
#1 {main}
2017-02-01 03:31:00 Error: [MissingControllerException] Controller class CssController could not be found.
Exception Attributes: array (
  'class' => 'CssController',
  'plugin' => NULL,
)
Request URL: /css/bootstrap.min.css.map
Stack Trace:
#0 /home/brad1509/public_html/jobs/app/webroot/index.php(118): Dispatcher->dispatch(Object(CakeRequest), Object(CakeResponse))
#1 {main}
2017-02-01 03:31:03 Error: [MissingControllerException] Controller class ContactController could not be found.
Exception Attributes: array (
  'class' => 'ContactController',
  'plugin' => NULL,
)
Request URL: /contact
Stack Trace:
#0 /home/brad1509/public_html/jobs/app/webroot/index.php(118): Dispatcher->dispatch(Object(CakeRequest), Object(CakeResponse))
#1 {main}
2017-02-01 03:31:34 Error: [MissingControllerException] Controller class CssController could not be found.
Exception Attributes: array (
  'class' => 'CssController',
  'plugin' => NULL,
)
Request URL: /css/bootstrap.min.css.map
Stack Trace:
#0 /home/brad1509/public_html/jobs/app/webroot/index.php(118): Dispatcher->dispatch(Object(CakeRequest), Object(CakeResponse))
#1 {main}
2017-02-01 03:31:37 Error: [MissingControllerException] Controller class CssController could not be found.
Exception Attributes: array (
  'class' => 'CssController',
  'plugin' => NULL,
)
Request URL: /css/bootstrap.min.css.map
Stack Trace:
#0 /home/brad1509/public_html/jobs/app/webroot/index.php(118): Dispatcher->dispatch(Object(CakeRequest), Object(CakeResponse))
#1 {main}
2017-02-01 03:31:39 Error: [MissingControllerException] Controller class CssController could not be found.
Exception Attributes: array (
  'class' => 'CssController',
  'plugin' => NULL,
)
Request URL: /css/bootstrap.min.css.map
Stack Trace:
#0 /home/brad1509/public_html/jobs/app/webroot/index.php(118): Dispatcher->dispatch(Object(CakeRequest), Object(CakeResponse))
#1 {main}
2017-02-01 03:31:44 Error: [MissingControllerException] Controller class CssController could not be found.
Exception Attributes: array (
  'class' => 'CssController',
  'plugin' => NULL,
)
Request URL: /css/bootstrap.min.css.map
Stack Trace:
#0 /home/brad1509/public_html/jobs/app/webroot/index.php(118): Dispatcher->dispatch(Object(CakeRequest), Object(CakeResponse))
#1 {main}
2017-02-01 03:43:57 Error: [MissingControllerException] Controller class ImagesController could not be found.
Exception Attributes: array (
  'class' => 'ImagesController',
  'plugin' => NULL,
)
Request URL: /images/sy-loader.gif
Stack Trace:
#0 /home/brad1509/public_html/jobs/app/webroot/index.php(118): Dispatcher->dispatch(Object(CakeRequest), Object(CakeResponse))
#1 {main}
2017-02-01 18:16:01 Error: [MissingControllerException] Controller class ImagesController could not be found.
Exception Attributes: array (
  'class' => 'ImagesController',
  'plugin' => NULL,
)
Request URL: /images/sy-loader.gif
Stack Trace:
#0 /home/brad1509/public_html/jobs/app/webroot/index.php(118): Dispatcher->dispatch(Object(CakeRequest), Object(CakeResponse))
#1 {main}
2017-02-01 18:24:47 Error: [MissingControllerException] Controller class ImagesController could not be found.
Exception Attributes: array (
  'class' => 'ImagesController',
  'plugin' => NULL,
)
Request URL: /images/sy-loader.gif
Stack Trace:
#0 /home/brad1509/public_html/jobs/app/webroot/index.php(118): Dispatcher->dispatch(Object(CakeRequest), Object(CakeResponse))
#1 {main}
2017-02-01 18:29:05 Error: [MissingControllerException] Controller class ImagesController could not be found.
Exception Attributes: array (
  'class' => 'ImagesController',
  'plugin' => NULL,
)
Request URL: /images/sy-loader.gif
Stack Trace:
#0 /home/brad1509/public_html/jobs/app/webroot/index.php(118): Dispatcher->dispatch(Object(CakeRequest), Object(CakeResponse))
#1 {main}
2017-02-01 18:49:07 Error: [MissingControllerException] Controller class ImagesController could not be found.
Exception Attributes: array (
  'class' => 'ImagesController',
  'plugin' => NULL,
)
Request URL: /images/sy-loader.gif
Stack Trace:
#0 /home/brad1509/public_html/jobs/app/webroot/index.php(118): Dispatcher->dispatch(Object(CakeRequest), Object(CakeResponse))
#1 {main}
2017-02-01 18:51:07 Error: [MissingControllerException] Controller class ImagesController could not be found.
Exception Attributes: array (
  'class' => 'ImagesController',
  'plugin' => NULL,
)
Request URL: /images/sy-loader.gif
Stack Trace:
#0 /home/brad1509/public_html/jobs/app/webroot/index.php(118): Dispatcher->dispatch(Object(CakeRequest), Object(CakeResponse))
#1 {main}
2017-02-01 18:52:08 Error: [MissingControllerException] Controller class ImagesController could not be found.
Exception Attributes: array (
  'class' => 'ImagesController',
  'plugin' => NULL,
)
Request URL: /images/sy-loader.gif
Stack Trace:
#0 /home/brad1509/public_html/jobs/app/webroot/index.php(118): Dispatcher->dispatch(Object(CakeRequest), Object(CakeResponse))
#1 {main}
2017-02-01 18:52:44 Error: [MissingControllerException] Controller class CssController could not be found.
Exception Attributes: array (
  'class' => 'CssController',
  'plugin' => NULL,
)
Request URL: /css/bootstrap.min.css.map
Stack Trace:
#0 /home/brad1509/public_html/jobs/app/webroot/index.php(118): Dispatcher->dispatch(Object(CakeRequest), Object(CakeResponse))
#1 {main}
2017-02-01 18:53:42 Error: [MissingControllerException] Controller class CssController could not be found.
Exception Attributes: array (
  'class' => 'CssController',
  'plugin' => NULL,
)
Request URL: /css/bootstrap.min.css.map
Stack Trace:
#0 /home/brad1509/public_html/jobs/app/webroot/index.php(118): Dispatcher->dispatch(Object(CakeRequest), Object(CakeResponse))
#1 {main}
2017-02-01 18:53:48 Error: [MissingControllerException] Controller class ImagesController could not be found.
Exception Attributes: array (
  'class' => 'ImagesController',
  'plugin' => NULL,
)
Request URL: /images/sy-loader.gif
Stack Trace:
#0 /home/brad1509/public_html/jobs/app/webroot/index.php(118): Dispatcher->dispatch(Object(CakeRequest), Object(CakeResponse))
#1 {main}
2017-02-01 18:55:33 Error: [MissingControllerException] Controller class CssController could not be found.
Exception Attributes: array (
  'class' => 'CssController',
  'plugin' => NULL,
)
Request URL: /css/bootstrap.min.css.map
Stack Trace:
#0 /home/brad1509/public_html/jobs/app/webroot/index.php(118): Dispatcher->dispatch(Object(CakeRequest), Object(CakeResponse))
#1 {main}
2017-02-01 18:55:35 Error: [MissingControllerException] Controller class ImagesController could not be found.
Exception Attributes: array (
  'class' => 'ImagesController',
  'plugin' => NULL,
)
Request URL: /images/sy-loader.gif
Stack Trace:
#0 /home/brad1509/public_html/jobs/app/webroot/index.php(118): Dispatcher->dispatch(Object(CakeRequest), Object(CakeResponse))
#1 {main}
2017-02-01 18:57:41 Error: [MissingControllerException] Controller class CssController could not be found.
Exception Attributes: array (
  'class' => 'CssController',
  'plugin' => NULL,
)
Request URL: /css/bootstrap.min.css.map
Stack Trace:
#0 /home/brad1509/public_html/jobs/app/webroot/index.php(118): Dispatcher->dispatch(Object(CakeRequest), Object(CakeResponse))
#1 {main}
2017-02-01 18:57:46 Error: [MissingControllerException] Controller class ImagesController could not be found.
Exception Attributes: array (
  'class' => 'ImagesController',
  'plugin' => NULL,
)
Request URL: /images/sy-loader.gif
Stack Trace:
#0 /home/brad1509/public_html/jobs/app/webroot/index.php(118): Dispatcher->dispatch(Object(CakeRequest), Object(CakeResponse))
#1 {main}
2017-02-01 18:58:35 Error: [MissingControllerException] Controller class CssController could not be found.
Exception Attributes: array (
  'class' => 'CssController',
  'plugin' => NULL,
)
Request URL: /css/bootstrap.min.css.map
Stack Trace:
#0 /home/brad1509/public_html/jobs/app/webroot/index.php(118): Dispatcher->dispatch(Object(CakeRequest), Object(CakeResponse))
#1 {main}
2017-02-01 18:58:39 Error: [MissingControllerException] Controller class ImagesController could not be found.
Exception Attributes: array (
  'class' => 'ImagesController',
  'plugin' => NULL,
)
Request URL: /images/sy-loader.gif
Stack Trace:
#0 /home/brad1509/public_html/jobs/app/webroot/index.php(118): Dispatcher->dispatch(Object(CakeRequest), Object(CakeResponse))
#1 {main}
2017-02-01 18:59:39 Error: [MissingControllerException] Controller class CssController could not be found.
Exception Attributes: array (
  'class' => 'CssController',
  'plugin' => NULL,
)
Request URL: /css/bootstrap.min.css.map
Stack Trace:
#0 /home/brad1509/public_html/jobs/app/webroot/index.php(118): Dispatcher->dispatch(Object(CakeRequest), Object(CakeResponse))
#1 {main}
2017-02-01 18:59:43 Error: [MissingControllerException] Controller class ImagesController could not be found.
Exception Attributes: array (
  'class' => 'ImagesController',
  'plugin' => NULL,
)
Request URL: /images/sy-loader.gif
Stack Trace:
#0 /home/brad1509/public_html/jobs/app/webroot/index.php(118): Dispatcher->dispatch(Object(CakeRequest), Object(CakeResponse))
#1 {main}
2017-02-01 19:01:41 Error: [MissingControllerException] Controller class ImagesController could not be found.
Exception Attributes: array (
  'class' => 'ImagesController',
  'plugin' => NULL,
)
Request URL: /images/sy-loader.gif
Stack Trace:
#0 /home/brad1509/public_html/jobs/app/webroot/index.php(118): Dispatcher->dispatch(Object(CakeRequest), Object(CakeResponse))
#1 {main}
2017-02-01 19:03:07 Error: [MissingControllerException] Controller class ImagesController could not be found.
Exception Attributes: array (
  'class' => 'ImagesController',
  'plugin' => NULL,
)
Request URL: /images/sy-loader.gif
Stack Trace:
#0 /home/brad1509/public_html/jobs/app/webroot/index.php(118): Dispatcher->dispatch(Object(CakeRequest), Object(CakeResponse))
#1 {main}
2017-02-01 19:04:04 Error: [MissingControllerException] Controller class ImagesController could not be found.
Exception Attributes: array (
  'class' => 'ImagesController',
  'plugin' => NULL,
)
Request URL: /images/sy-loader.gif
Stack Trace:
#0 /home/brad1509/public_html/jobs/app/webroot/index.php(118): Dispatcher->dispatch(Object(CakeRequest), Object(CakeResponse))
#1 {main}
2017-02-01 19:05:15 Error: [MissingControllerException] Controller class ImagesController could not be found.
Exception Attributes: array (
  'class' => 'ImagesController',
  'plugin' => NULL,
)
Request URL: /images/sy-loader.gif
Stack Trace:
#0 /home/brad1509/public_html/jobs/app/webroot/index.php(118): Dispatcher->dispatch(Object(CakeRequest), Object(CakeResponse))
#1 {main}
2017-02-01 19:05:42 Error: [MissingControllerException] Controller class ImagesController could not be found.
Exception Attributes: array (
  'class' => 'ImagesController',
  'plugin' => NULL,
)
Request URL: /images/sy-loader.gif
Stack Trace:
#0 /home/brad1509/public_html/jobs/app/webroot/index.php(118): Dispatcher->dispatch(Object(CakeRequest), Object(CakeResponse))
#1 {main}
2017-02-01 19:49:24 Error: [MissingControllerException] Controller class ImagesController could not be found.
Exception Attributes: array (
  'class' => 'ImagesController',
  'plugin' => NULL,
)
Request URL: /images/sy-loader.gif
Stack Trace:
#0 /home/brad1509/public_html/jobs/app/webroot/index.php(118): Dispatcher->dispatch(Object(CakeRequest), Object(CakeResponse))
#1 {main}
2017-02-01 19:50:08 Error: [MissingControllerException] Controller class ImagesController could not be found.
Exception Attributes: array (
  'class' => 'ImagesController',
  'plugin' => NULL,
)
Request URL: /images/sy-loader.gif
Stack Trace:
#0 /home/brad1509/public_html/jobs/app/webroot/index.php(118): Dispatcher->dispatch(Object(CakeRequest), Object(CakeResponse))
#1 {main}
2017-02-01 19:50:12 Error: [MissingControllerException] Controller class ImagesController could not be found.
Exception Attributes: array (
  'class' => 'ImagesController',
  'plugin' => NULL,
)
Request URL: /images/arrows.svg
Stack Trace:
#0 /home/brad1509/public_html/jobs/app/webroot/index.php(118): Dispatcher->dispatch(Object(CakeRequest), Object(CakeResponse))
#1 {main}
2017-02-01 19:51:24 Error: [MissingControllerException] Controller class ImagesController could not be found.
Exception Attributes: array (
  'class' => 'ImagesController',
  'plugin' => NULL,
)
Request URL: /images/sy-loader.gif
Stack Trace:
#0 /home/brad1509/public_html/jobs/app/webroot/index.php(118): Dispatcher->dispatch(Object(CakeRequest), Object(CakeResponse))
#1 {main}
2017-02-01 19:53:00 Error: [MissingControllerException] Controller class ImagesController could not be found.
Exception Attributes: array (
  'class' => 'ImagesController',
  'plugin' => NULL,
)
Request URL: /images/sy-loader.gif
Stack Trace:
#0 /home/brad1509/public_html/jobs/app/webroot/index.php(118): Dispatcher->dispatch(Object(CakeRequest), Object(CakeResponse))
#1 {main}
2017-02-01 19:53:45 Error: [MissingControllerException] Controller class ImagesController could not be found.
Exception Attributes: array (
  'class' => 'ImagesController',
  'plugin' => NULL,
)
Request URL: /images/arrows.svg
Stack Trace:
#0 /home/brad1509/public_html/jobs/app/webroot/index.php(118): Dispatcher->dispatch(Object(CakeRequest), Object(CakeResponse))
#1 {main}
2017-02-01 19:56:36 Error: [MissingControllerException] Controller class ImagesController could not be found.
Exception Attributes: array (
  'class' => 'ImagesController',
  'plugin' => NULL,
)
Request URL: /images/sy-loader.gif
Stack Trace:
#0 /home/brad1509/public_html/jobs/app/webroot/index.php(118): Dispatcher->dispatch(Object(CakeRequest), Object(CakeResponse))
#1 {main}
2017-02-01 19:56:36 Error: [MissingControllerException] Controller class ImagesController could not be found.
Exception Attributes: array (
  'class' => 'ImagesController',
  'plugin' => NULL,
)
Request URL: /images/arrows.svg
Stack Trace:
#0 /home/brad1509/public_html/jobs/app/webroot/index.php(118): Dispatcher->dispatch(Object(CakeRequest), Object(CakeResponse))
#1 {main}
2017-02-01 19:56:58 Error: [MissingControllerException] Controller class ImagesController could not be found.
Exception Attributes: array (
  'class' => 'ImagesController',
  'plugin' => NULL,
)
Request URL: /images/sy-loader.gif
Stack Trace:
#0 /home/brad1509/public_html/jobs/app/webroot/index.php(118): Dispatcher->dispatch(Object(CakeRequest), Object(CakeResponse))
#1 {main}
2017-02-01 20:04:26 Error: [MissingControllerException] Controller class ImagesController could not be found.
Exception Attributes: array (
  'class' => 'ImagesController',
  'plugin' => NULL,
)
Request URL: /images/sy-loader.gif
Stack Trace:
#0 /home/brad1509/public_html/jobs/app/webroot/index.php(118): Dispatcher->dispatch(Object(CakeRequest), Object(CakeResponse))
#1 {main}
2017-02-01 20:08:00 Error: [MissingControllerException] Controller class ImagesController could not be found.
Exception Attributes: array (
  'class' => 'ImagesController',
  'plugin' => NULL,
)
Request URL: /images/sy-loader.gif
Stack Trace:
#0 /home/brad1509/public_html/jobs/app/webroot/index.php(118): Dispatcher->dispatch(Object(CakeRequest), Object(CakeResponse))
#1 {main}
2017-02-01 20:21:13 Error: [MissingControllerException] Controller class ImagesController could not be found.
Exception Attributes: array (
  'class' => 'ImagesController',
  'plugin' => NULL,
)
Request URL: /images/sy-loader.gif
Stack Trace:
#0 /home/brad1509/public_html/jobs/app/webroot/index.php(118): Dispatcher->dispatch(Object(CakeRequest), Object(CakeResponse))
#1 {main}
2017-02-01 20:29:15 Error: [MissingConnectionException] Database connection "Mysql" is missing, or could not be created.
Exception Attributes: array (
  'class' => 'Mysql',
  'message' => 'SQLSTATE[HY000] [1044] Access denied for user \'shivak_jobs\'@\'localhost\' to database \'shivak_jobs\'',
  'enabled' => true,
)
Request URL: /
Stack Trace:
#0 /home/shivak/public_html/jobs/lib/Cake/Model/Datasource/DboSource.php(260): Mysql->connect()
#1 /home/shivak/public_html/jobs/lib/Cake/Model/ConnectionManager.php(105): DboSource->__construct(Array)
#2 /home/shivak/public_html/jobs/lib/Cake/Model/Model.php(3621): ConnectionManager::getDataSource('default')
#3 /home/shivak/public_html/jobs/lib/Cake/Model/Model.php(1155): Model->setDataSource('default')
#4 /home/shivak/public_html/jobs/lib/Cake/Model/Model.php(3648): Model->setSource('jobs')
#5 /home/shivak/public_html/jobs/lib/Cake/Model/Model.php(3026): Model->getDataSource()
#6 /home/shivak/public_html/jobs/lib/Cake/Model/Model.php(2998): Model->_readDataSource('all', Array)
#7 /home/shivak/public_html/jobs/app/Controller/HomesController.php(20): Model->find('all', Array)
#8 [internal function]: HomesController->home()
#9 /home/shivak/public_html/jobs/lib/Cake/Controller/Controller.php(490): ReflectionMethod->invokeArgs(Object(HomesController), Array)
#10 /home/shivak/public_html/jobs/lib/Cake/Routing/Dispatcher.php(193): Controller->invokeAction(Object(CakeRequest))
#11 /home/shivak/public_html/jobs/lib/Cake/Routing/Dispatcher.php(167): Dispatcher->_invoke(Object(HomesController), Object(CakeRequest))
#12 /home/shivak/public_html/jobs/app/webroot/index.php(118): Dispatcher->dispatch(Object(CakeRequest), Object(CakeResponse))
#13 {main}
2017-02-01 20:29:28 Error: [MissingConnectionException] Database connection "Mysql" is missing, or could not be created.
Exception Attributes: array (
  'class' => 'Mysql',
  'message' => 'SQLSTATE[HY000] [1044] Access denied for user \'shivak_jobs\'@\'localhost\' to database \'shivak_jobs\'',
  'enabled' => true,
)
Request URL: /
Stack Trace:
#0 /home/shivak/public_html/jobs/lib/Cake/Model/Datasource/DboSource.php(260): Mysql->connect()
#1 /home/shivak/public_html/jobs/lib/Cake/Model/ConnectionManager.php(105): DboSource->__construct(Array)
#2 /home/shivak/public_html/jobs/lib/Cake/Model/Model.php(3621): ConnectionManager::getDataSource('default')
#3 /home/shivak/public_html/jobs/lib/Cake/Model/Model.php(1155): Model->setDataSource('default')
#4 /home/shivak/public_html/jobs/lib/Cake/Model/Model.php(3648): Model->setSource('jobs')
#5 /home/shivak/public_html/jobs/lib/Cake/Model/Model.php(3026): Model->getDataSource()
#6 /home/shivak/public_html/jobs/lib/Cake/Model/Model.php(2998): Model->_readDataSource('all', Array)
#7 /home/shivak/public_html/jobs/app/Controller/HomesController.php(20): Model->find('all', Array)
#8 [internal function]: HomesController->home()
#9 /home/shivak/public_html/jobs/lib/Cake/Controller/Controller.php(490): ReflectionMethod->invokeArgs(Object(HomesController), Array)
#10 /home/shivak/public_html/jobs/lib/Cake/Routing/Dispatcher.php(193): Controller->invokeAction(Object(CakeRequest))
#11 /home/shivak/public_html/jobs/lib/Cake/Routing/Dispatcher.php(167): Dispatcher->_invoke(Object(HomesController), Object(CakeRequest))
#12 /home/shivak/public_html/jobs/app/webroot/index.php(118): Dispatcher->dispatch(Object(CakeRequest), Object(CakeResponse))
#13 {main}
2017-02-01 20:30:46 Error: [MissingControllerException] Controller class ImagesController could not be found.
Exception Attributes: array (
  'class' => 'ImagesController',
  'plugin' => NULL,
)
Request URL: /images/sy-loader.gif
Stack Trace:
#0 /home/shivak/public_html/jobs/app/webroot/index.php(118): Dispatcher->dispatch(Object(CakeRequest), Object(CakeResponse))
#1 {main}
2017-02-01 20:33:00 Error: [MissingControllerException] Controller class ImagesController could not be found.
Exception Attributes: array (
  'class' => 'ImagesController',
  'plugin' => NULL,
)
Request URL: /images/sy-loader.gif
Stack Trace:
#0 /home/shivak/public_html/jobs/app/webroot/index.php(118): Dispatcher->dispatch(Object(CakeRequest), Object(CakeResponse))
#1 {main}
2017-02-01 20:34:19 Error: [MissingControllerException] Controller class ImagesController could not be found.
Exception Attributes: array (
  'class' => 'ImagesController',
  'plugin' => NULL,
)
Request URL: /images/sy-loader.gif
Stack Trace:
#0 /home/shivak/public_html/jobs/app/webroot/index.php(118): Dispatcher->dispatch(Object(CakeRequest), Object(CakeResponse))
#1 {main}
2017-02-01 20:34:53 Error: [MissingControllerException] Controller class ImagesController could not be found.
Exception Attributes: array (
  'class' => 'ImagesController',
  'plugin' => NULL,
)
Request URL: /images/sy-loader.gif
Stack Trace:
#0 /home/shivak/public_html/jobs/app/webroot/index.php(118): Dispatcher->dispatch(Object(CakeRequest), Object(CakeResponse))
#1 {main}
2017-02-01 20:36:31 Error: [MissingControllerException] Controller class ImagesController could not be found.
Exception Attributes: array (
  'class' => 'ImagesController',
  'plugin' => NULL,
)
Request URL: /images/sy-loader.gif
Stack Trace:
#0 /home/shivak/public_html/jobs/app/webroot/index.php(118): Dispatcher->dispatch(Object(CakeRequest), Object(CakeResponse))
#1 {main}
2017-02-01 20:38:48 Error: [MissingControllerException] Controller class ImagesController could not be found.
Exception Attributes: array (
  'class' => 'ImagesController',
  'plugin' => NULL,
)
Request URL: /images/sy-loader.gif
Stack Trace:
#0 /home/shivak/public_html/jobs/app/webroot/index.php(118): Dispatcher->dispatch(Object(CakeRequest), Object(CakeResponse))
#1 {main}
2017-02-01 20:40:23 Error: [MissingControllerException] Controller class ImagesController could not be found.
Exception Attributes: array (
  'class' => 'ImagesController',
  'plugin' => NULL,
)
Request URL: /images/sy-loader.gif
Stack Trace:
#0 /home/shivak/public_html/jobs/app/webroot/index.php(118): Dispatcher->dispatch(Object(CakeRequest), Object(CakeResponse))
#1 {main}
2017-02-01 20:43:17 Error: [MissingControllerException] Controller class CssController could not be found.
Exception Attributes: array (
  'class' => 'CssController',
  'plugin' => NULL,
)
Request URL: /css/bootstrap.min.css.map
Stack Trace:
#0 /home/shivak/public_html/jobs/app/webroot/index.php(118): Dispatcher->dispatch(Object(CakeRequest), Object(CakeResponse))
#1 {main}
2017-02-01 20:44:42 Error: [MissingControllerException] Controller class CssController could not be found.
Exception Attributes: array (
  'class' => 'CssController',
  'plugin' => NULL,
)
Request URL: /css/bootstrap.min.css.map
Stack Trace:
#0 /home/shivak/public_html/jobs/app/webroot/index.php(118): Dispatcher->dispatch(Object(CakeRequest), Object(CakeResponse))
#1 {main}
2017-02-01 20:44:47 Error: [MissingControllerException] Controller class ImagesController could not be found.
Exception Attributes: array (
  'class' => 'ImagesController',
  'plugin' => NULL,
)
Request URL: /images/sy-loader.gif
Stack Trace:
#0 /home/shivak/public_html/jobs/app/webroot/index.php(118): Dispatcher->dispatch(Object(CakeRequest), Object(CakeResponse))
#1 {main}
2017-02-01 20:45:50 Error: [MissingControllerException] Controller class CssController could not be found.
Exception Attributes: array (
  'class' => 'CssController',
  'plugin' => NULL,
)
Request URL: /css/bootstrap.min.css.map
Stack Trace:
#0 /home/shivak/public_html/jobs/app/webroot/index.php(118): Dispatcher->dispatch(Object(CakeRequest), Object(CakeResponse))
#1 {main}
2017-02-01 20:45:56 Error: [MissingControllerException] Controller class ImagesController could not be found.
Exception Attributes: array (
  'class' => 'ImagesController',
  'plugin' => NULL,
)
Request URL: /images/sy-loader.gif
Stack Trace:
#0 /home/shivak/public_html/jobs/app/webroot/index.php(118): Dispatcher->dispatch(Object(CakeRequest), Object(CakeResponse))
#1 {main}
2017-02-01 20:49:42 Error: [MissingControllerException] Controller class CssController could not be found.
Exception Attributes: array (
  'class' => 'CssController',
  'plugin' => NULL,
)
Request URL: /css/bootstrap.min.css.map
Stack Trace:
#0 /home/shivak/public_html/jobs/app/webroot/index.php(118): Dispatcher->dispatch(Object(CakeRequest), Object(CakeResponse))
#1 {main}
2017-02-01 20:49:47 Error: [MissingControllerException] Controller class ImagesController could not be found.
Exception Attributes: array (
  'class' => 'ImagesController',
  'plugin' => NULL,
)
Request URL: /images/sy-loader.gif
Stack Trace:
#0 /home/shivak/public_html/jobs/app/webroot/index.php(118): Dispatcher->dispatch(Object(CakeRequest), Object(CakeResponse))
#1 {main}
2017-02-01 20:51:05 Error: [MissingControllerException] Controller class CssController could not be found.
Exception Attributes: array (
  'class' => 'CssController',
  'plugin' => NULL,
)
Request URL: /css/bootstrap.min.css.map
Stack Trace:
#0 /home/shivak/public_html/jobs/app/webroot/index.php(118): Dispatcher->dispatch(Object(CakeRequest), Object(CakeResponse))
#1 {main}
2017-02-01 20:51:10 Error: [MissingControllerException] Controller class ImagesController could not be found.
Exception Attributes: array (
  'class' => 'ImagesController',
  'plugin' => NULL,
)
Request URL: /images/sy-loader.gif
Stack Trace:
#0 /home/shivak/public_html/jobs/app/webroot/index.php(118): Dispatcher->dispatch(Object(CakeRequest), Object(CakeResponse))
#1 {main}
2017-02-05 11:52:06 Error: [MissingControllerException] Controller class ImagesController could not be found.
Exception Attributes: array (
  'class' => 'ImagesController',
  'plugin' => NULL,
)
Request URL: /images/sy-loader.gif
Stack Trace:
#0 /home/shivak/public_html/jobs/app/webroot/index.php(118): Dispatcher->dispatch(Object(CakeRequest), Object(CakeResponse))
#1 {main}
